Log file open, 09/30/19 19:26:17
LogWindows: Failed to load 'aqProf.dll' (GetLastError=126)
LogWindows: File 'aqProf.dll' does not exist
LogWindows: Failed to load 'VtuneApi.dll' (GetLastError=126)
LogWindows: File 'VtuneApi.dll' does not exist
LogWindows: Failed to load 'VtuneApi32e.dll' (GetLastError=126)
LogWindows: File 'VtuneApi32e.dll' does not exist
LogConsoleResponse: Display: Failed to find resolution value strings in scalability ini. Falling back to default.
LogInit: Display: Running engine for game: QUIZ
LogPlatformFile: Not using cached read wrapper
LogTaskGraph: Started task graph with 5 named threads and 11 total threads with 3 sets of task threads.
LogStats: Stats thread started at 0.285140
LogD3D11RHI: Loaded GFSDK_Aftermath_Lib.x64.dll
LogICUInternationalization: ICU TimeZone Detection - Raw Offset: -6:00, Platform Override: ''
LogPluginManager: Mounting plugin Paper2D
LogPluginManager: Mounting plugin AISupport
LogPluginManager: Mounting plugin LightPropagationVolume
LogPluginManager: Mounting plugin ActorLayerUtilities
LogPluginManager: Mounting plugin AnimationSharing
LogPluginManager: Mounting plugin CLionSourceCodeAccess
LogPluginManager: Mounting plugin CodeLiteSourceCodeAccess
LogPluginManager: Mounting plugin GitSourceControl
LogPluginManager: Mounting plugin KDevelopSourceCodeAccess
LogPluginManager: Mounting plugin NullSourceCodeAccess
LogPluginManager: Mounting plugin PerforceSourceControl
LogPluginManager: Mounting plugin SubversionSourceControl
LogPluginManager: Mounting plugin UObjectPlugin
LogPluginManager: Mounting plugin VisualStudioCodeSourceCodeAccess
LogPluginManager: Mounting plugin VisualStudioSourceCodeAccess
LogPluginManager: Mounting plugin XCodeSourceCodeAccess
LogPluginManager: Mounting plugin AssetManagerEditor
LogPluginManager: Mounting plugin CryptoKeys
LogPluginManager: Mounting plugin CurveEditorTools
LogPluginManager: Mounting plugin DataValidation
LogPluginManager: Mounting plugin FacialAnimation
LogPluginManager: Mounting plugin GameplayTagsEditor
LogPluginManager: Mounting plugin MacGraphicsSwitching
LogPluginManager: Mounting plugin MaterialAnalyzer
LogPluginManager: Mounting plugin MobileLauncherProfileWizard
LogPluginManager: Mounting plugin PluginBrowser
LogPluginManager: Mounting plugin SpeedTreeImporter
LogPluginManager: Mounting plugin DatasmithContent
LogPluginManager: Mounting plugin VariantManagerContent
LogPluginManager: Mounting plugin AlembicImporter
LogPluginManager: Mounting plugin AutomationUtils
LogPluginManager: Mounting plugin BackChannel
LogPluginManager: Mounting plugin CharacterAI
LogPluginManager: Mounting plugin GeometryCache
LogPluginManager: Mounting plugin HTML5Networking
LogPluginManager: Mounting plugin PlatformCrypto
LogPluginManager: Mounting plugin ProxyLODPlugin
LogPluginManager: Mounting plugin SkeletalReduction
LogPluginManager: Mounting plugin MagicLeap
LogPluginManager: Mounting plugin MagicLeapMedia
LogPluginManager: Mounting plugin AndroidMedia
LogPluginManager: Mounting plugin AvfMedia
LogPluginManager: Mounting plugin ImgMedia
LogPluginManager: Mounting plugin MediaCompositing
LogPluginManager: Mounting plugin MediaPlayerEditor
LogPluginManager: Mounting plugin WebMMedia
LogPluginManager: Mounting plugin WmfMedia
LogPluginManager: Mounting plugin TcpMessaging
LogPluginManager: Mounting plugin UdpMessaging
LogPluginManager: Mounting plugin ActorSequence
LogPluginManager: Mounting plugin LevelSequenceEditor
LogPluginManager: Mounting plugin MatineeToLevelSequence
LogPluginManager: Mounting plugin NetcodeUnitTest
LogPluginManager: Mounting plugin NUTUnrealEngine4
LogPluginManager: Mounting plugin OnlineSubsystemGooglePlay
LogPluginManager: Mounting plugin OnlineSubsystemIOS
LogPluginManager: Mounting plugin OnlineSubsystem
LogPluginManager: Mounting plugin OnlineSubsystemNull
LogPluginManager: Mounting plugin OnlineSubsystemUtils
LogPluginManager: Mounting plugin LauncherChunkInstaller
LogPluginManager: Mounting plugin AndroidDeviceProfileSelector
LogPluginManager: Mounting plugin AndroidMoviePlayer
LogPluginManager: Mounting plugin AndroidPermission
LogPluginManager: Mounting plugin AppleImageUtils
LogPluginManager: Mounting plugin AppleMoviePlayer
LogPluginManager: Mounting plugin ArchVisCharacter
LogPluginManager: Mounting plugin AudioCapture
LogPluginManager: Mounting plugin CableComponent
LogPluginManager: Mounting plugin CustomMeshComponent
LogPluginManager: Mounting plugin EditableMesh
LogPluginManager: Mounting plugin ExampleDeviceProfileSelector
LogPluginManager: Mounting plugin GoogleCloudMessaging
LogPluginManager: Mounting plugin IOSDeviceProfileSelector
LogPluginManager: Mounting plugin LinuxDeviceProfileSelector
LogPluginManager: Mounting plugin LocationServicesBPLibrary
LogPluginManager: Mounting plugin MobilePatchingUtils
LogPluginManager: Mounting plugin OculusVR
LogPluginManager: Mounting plugin PhysXVehicles
LogPluginManager: Mounting plugin ProceduralMeshComponent
LogPluginManager: Mounting plugin RuntimePhysXCooking
LogPluginManager: Mounting plugin SignificanceManager
LogPluginManager: Mounting plugin SteamVR
LogPluginManager: Mounting plugin WebMMoviePlayer
LogPluginManager: Mounting plugin WindowsMoviePlayer
LogPluginManager: Mounting plugin ScreenshotTools
LogInit: Using libcurl 7.55.1-DEV
LogInit:  - built for x86_64-pc-win32
LogInit:  - supports SSL with OpenSSL/1.1.1
LogInit:  - supports HTTP deflate (compression) using libz 1.2.8
LogInit:  - other features:
LogInit:      CURL_VERSION_SSL
LogInit:      CURL_VERSION_LIBZ
LogInit:      CURL_VERSION_IPV6
LogInit:      CURL_VERSION_ASYNCHDNS
LogInit:      CURL_VERSION_LARGEFILE
LogInit:      CURL_VERSION_IDN
LogInit:  CurlRequestOptions (configurable via config and command line):
LogInit:  - bVerifyPeer = true  - Libcurl will verify peer certificate
LogInit:  - bUseHttpProxy = false  - Libcurl will NOT use HTTP proxy
LogInit:  - bDontReuseConnections = false  - Libcurl will reuse connections
LogInit:  - MaxHostConnections = 16  - Libcurl will limit the number of connections to a host
LogInit:  - LocalHostAddr = Default
LogInit:  - BufferSize = 65536
LogOnline: OSS: Creating online subsystem instance for: NULL
LogInit: WinSock: version 1.1 (2.2), MaxSocks=32767, MaxUdp=65467
LogInit: Build: ++UE4+Release-4.23-CL-8386587
LogInit: Engine Version: 4.23.0-8386587+++UE4+Release-4.23
LogInit: Compatible Engine Version: 4.23.0-8386587+++UE4+Release-4.23
LogInit: Net CL: 8386587
LogInit: OS: Windows 10 (Release 1803) (), CPU: Intel(R) Core(TM) i5-5200U CPU @ 2.20GHz, GPU: Intel(R) HD Graphics 5500
LogInit: Compiled (64-bit): Aug 31 2019 02:04:44
LogInit: Compiled with Visual C++: 19.16.27030.01
LogInit: Build Configuration: Development
LogInit: Branch Name: ++UE4+Release-4.23
LogInit: Command Line: 
LogInit: Base Directory: C:/Program Files/Epic Games/UE_4.23/Engine/Binaries/Win64/
LogInit: Installed Engine Build: 1
LogDevObjectVersion: Number of dev versions registered: 23
LogDevObjectVersion:   Dev-Blueprints (B0D832E4-1F89-4F0D-ACCF-7EB736FD4AA2): 10
LogDevObjectVersion:   Dev-Build (E1C64328-A22C-4D53-A36C-8E866417BD8C): 0
LogDevObjectVersion:   Dev-Core (375EC13C-06E4-48FB-B500-84F0262A717E): 3
LogDevObjectVersion:   Dev-Editor (E4B068ED-F494-42E9-A231-DA0B2E46BB41): 34
LogDevObjectVersion:   Dev-Framework (CFFC743F-43B0-4480-9391-14DF171D2073): 35
LogDevObjectVersion:   Dev-Mobile (B02B49B5-BB20-44E9-A304-32B752E40360): 2
LogDevObjectVersion:   Dev-Networking (A4E4105C-59A1-49B5-A7C5-40C4547EDFEE): 0
LogDevObjectVersion:   Dev-Online (39C831C9-5AE6-47DC-9A44-9C173E1C8E7C): 0
LogDevObjectVersion:   Dev-Physics (78F01B33-EBEA-4F98-B9B4-84EACCB95AA2): 0
LogDevObjectVersion:   Dev-Platform (6631380F-2D4D-43E0-8009-CF276956A95A): 0
LogDevObjectVersion:   Dev-Rendering (12F88B9F-8875-4AFC-A67C-D90C383ABD29): 31
LogDevObjectVersion:   Dev-Sequencer (7B5AE74C-D270-4C10-A958-57980B212A5A): 11
LogDevObjectVersion:   Dev-VR (D7296918-1DD6-4BDD-9DE2-64A83CC13884): 2
LogDevObjectVersion:   Dev-LoadTimes (C2A15278-BFE7-4AFE-6C17-90FF531DF755): 1
LogDevObjectVersion:   Private-Geometry (6EACA3D4-40EC-4CC1-B786-8BED09428FC5): 3
LogDevObjectVersion:   Dev-AnimPhys (29E575DD-E0A3-4627-9D10-D276232CDCEA): 17
LogDevObjectVersion:   Dev-Anim (AF43A65D-7FD3-4947-9873-3E8ED9C1BB05): 2
LogDevObjectVersion:   Dev-ReflectionCapture (6B266CEC-1EC7-4B8F-A30B-E4D90942FC07): 1
LogDevObjectVersion:   Dev-Automation (0DF73D61-A23F-47EA-B727-89E90C41499A): 1
LogDevObjectVersion:   FortniteMain (601D1886-AC64-4F84-AA16-D3DE0DEAC7D6): 27
LogDevObjectVersion:   Dev-Enterprise (9DFFBCD6-494F-0158-E221-12823C92A888): 6
LogDevObjectVersion:   Dev-Niagara (F2AED0AC-9AFE-416F-8664-AA7FFA26D6FC): 1
LogDevObjectVersion:   Dev-Destruction (174F1F0B-B4C6-45A5-B13F-2EE8D0FB917D): 9
LogInit: Presizing for max 16777216 objects, including 0 objects not considered by GC, pre-allocating 0 bytes for permanent pool.
LogInit: Object subsystem initialized
LogConfig: Setting CVar [[con.DebugEarlyDefault:1]]
LogConfig: Setting CVar [[r.setres:1280x720]]
[2019.10.01-00.26.18:054][  0]LogConfig: Setting CVar [[r.VSync:0]]
[2019.10.01-00.26.18:054][  0]LogConfig: Setting CVar [[r.RHICmdBypass:0]]
[2019.10.01-00.26.18:054][  0]LogConfig: Applying CVar settings from Section [/Script/Engine.RendererSettings] File [C:/Users/TheHu/OneDrive/Documents/Unreal Projects/QUIZ/Saved/Config/Windows/Engine.ini]
[2019.10.01-00.26.18:054][  0]LogConfig: Setting CVar [[r.GPUCrashDebugging:0]]
[2019.10.01-00.26.18:054][  0]LogConfig: Setting CVar [[r.DefaultFeature.AutoExposure.ExtendDefaultLuminanceRange:1]]
[2019.10.01-00.26.18:054][  0]LogConfig: Applying CVar settings from Section [/Script/Engine.RendererOverrideSettings] File [C:/Users/TheHu/OneDrive/Documents/Unreal Projects/QUIZ/Saved/Config/Windows/Engine.ini]
[2019.10.01-00.26.18:054][  0]LogConfig: Applying CVar settings from Section [/Script/Engine.StreamingSettings] File [C:/Users/TheHu/OneDrive/Documents/Unreal Projects/QUIZ/Saved/Config/Windows/Engine.ini]
[2019.10.01-00.26.18:054][  0]LogConfig: Setting CVar [[s.MinBulkDataSizeForAsyncLoading:131072]]
[2019.10.01-00.26.18:054][  0]LogConfig: Setting CVar [[s.AsyncLoadingThreadEnabled:0]]
[2019.10.01-00.26.18:054][  0]LogConfig: Setting CVar [[s.EventDrivenLoaderEnabled:1]]
[2019.10.01-00.26.18:054][  0]LogConfig: Setting CVar [[s.WarnIfTimeLimitExceeded:0]]
[2019.10.01-00.26.18:054][  0]LogConfig: Setting CVar [[s.TimeLimitExceededMultiplier:1.5]]
[2019.10.01-00.26.18:054][  0]LogConfig: Setting CVar [[s.TimeLimitExceededMinTime:0.005]]
[2019.10.01-00.26.18:054][  0]LogConfig: Setting CVar [[s.UseBackgroundLevelStreaming:1]]
[2019.10.01-00.26.18:054][  0]LogConfig: Setting CVar [[s.PriorityAsyncLoadingExtraTime:15.0]]
[2019.10.01-00.26.18:054][  0]LogConfig: Setting CVar [[s.LevelStreamingActorsUpdateTimeLimit:5.0]]
[2019.10.01-00.26.18:054][  0]LogConfig: Setting CVar [[s.PriorityLevelStreamingActorsUpdateExtraTime:5.0]]
[2019.10.01-00.26.18:054][  0]LogConfig: Setting CVar [[s.LevelStreamingComponentsRegistrationGranularity:10]]
[2019.10.01-00.26.18:054][  0]LogConfig: Setting CVar [[s.UnregisterComponentsTimeLimit:1.0]]
[2019.10.01-00.26.18:054][  0]LogConfig: Setting CVar [[s.LevelStreamingComponentsUnregistrationGranularity:5]]
[2019.10.01-00.26.18:054][  0]LogConfig: Applying CVar settings from Section [/Script/Engine.GarbageCollectionSettings] File [C:/Users/TheHu/OneDrive/Documents/Unreal Projects/QUIZ/Saved/Config/Windows/Engine.ini]
[2019.10.01-00.26.18:054][  0]LogConfig: Setting CVar [[gc.MaxObjectsNotConsideredByGC:1]]
[2019.10.01-00.26.18:054][  0]LogConfig: Setting CVar [[gc.SizeOfPermanentObjectPool:0]]
[2019.10.01-00.26.18:054][  0]LogConfig: Setting CVar [[gc.FlushStreamingOnGC:0]]
[2019.10.01-00.26.18:054][  0]LogConfig: Setting CVar [[gc.NumRetriesBeforeForcingGC:10]]
[2019.10.01-00.26.18:054][  0]LogConfig: Setting CVar [[gc.AllowParallelGC:1]]
[2019.10.01-00.26.18:054][  0]LogConfig: Setting CVar [[gc.TimeBetweenPurgingPendingKillObjects:61.1]]
[2019.10.01-00.26.18:054][  0]LogConfig: Setting CVar [[gc.MaxObjectsInEditor:16777216]]
[2019.10.01-00.26.18:054][  0]LogConfig: Setting CVar [[gc.IncrementalBeginDestroyEnabled:1]]
[2019.10.01-00.26.18:054][  0]LogConfig: Setting CVar [[gc.CreateGCClusters:1]]
[2019.10.01-00.26.18:054][  0]LogConfig: Setting CVar [[gc.MinGCClusterSize:5]]
[2019.10.01-00.26.18:054][  0]LogConfig: Setting CVar [[gc.ActorClusteringEnabled:0]]
[2019.10.01-00.26.18:054][  0]LogConfig: Setting CVar [[gc.BlueprintClusteringEnabled:0]]
[2019.10.01-00.26.18:055][  0]LogConfig: Setting CVar [[gc.UseDisregardForGCOnDedicatedServers:0]]
[2019.10.01-00.26.18:055][  0]LogConfig: Applying CVar settings from Section [/Script/Engine.NetworkSettings] File [C:/Users/TheHu/OneDrive/Documents/Unreal Projects/QUIZ/Saved/Config/Windows/Engine.ini]
[2019.10.01-00.26.18:055][  0]LogConfig: Applying CVar settings from Section [/Script/UnrealEd.CookerSettings] File [C:/Users/TheHu/OneDrive/Documents/Unreal Projects/QUIZ/Saved/Config/Windows/Engine.ini]
[2019.10.01-00.26.18:058][  0]LogConfig: Applying CVar settings from Section [ViewDistanceQuality@3] File [C:/Users/TheHu/OneDrive/Documents/Unreal Projects/QUIZ/Saved/Config/Windows/Scalability.ini]
[2019.10.01-00.26.18:058][  0]LogConfig: Setting CVar [[r.SkeletalMeshLODBias:0]]
[2019.10.01-00.26.18:058][  0]LogConfig: Setting CVar [[r.ViewDistanceScale:1.0]]
[2019.10.01-00.26.18:058][  0]LogConfig: Applying CVar settings from Section [AntiAliasingQuality@3] File [C:/Users/TheHu/OneDrive/Documents/Unreal Projects/QUIZ/Saved/Config/Windows/Scalability.ini]
[2019.10.01-00.26.18:058][  0]LogConfig: Setting CVar [[r.PostProcessAAQuality:4]]
[2019.10.01-00.26.18:058][  0]LogConfig: Applying CVar settings from Section [ShadowQuality@3] File [C:/Users/TheHu/OneDrive/Documents/Unreal Projects/QUIZ/Saved/Config/Windows/Scalability.ini]
[2019.10.01-00.26.18:058][  0]LogConfig: Setting CVar [[r.LightFunctionQuality:1]]
[2019.10.01-00.26.18:058][  0]LogConfig: Setting CVar [[r.ShadowQuality:5]]
[2019.10.01-00.26.18:058][  0]LogConfig: Setting CVar [[r.Shadow.CSM.MaxCascades:10]]
[2019.10.01-00.26.18:058][  0]LogConfig: Setting CVar [[r.Shadow.MaxResolution:2048]]
[2019.10.01-00.26.18:058][  0]LogConfig: Setting CVar [[r.Shadow.MaxCSMResolution:2048]]
[2019.10.01-00.26.18:058][  0]LogConfig: Setting CVar [[r.Shadow.RadiusThreshold:0.01]]
[2019.10.01-00.26.18:058][  0]LogConfig: Setting CVar [[r.Shadow.DistanceScale:1.0]]
[2019.10.01-00.26.18:058][  0]LogConfig: Setting CVar [[r.Shadow.CSM.TransitionScale:1.0]]
[2019.10.01-00.26.18:058][  0]LogConfig: Setting CVar [[r.Shadow.PreShadowResolutionFactor:1.0]]
[2019.10.01-00.26.18:058][  0]LogConfig: Setting CVar [[r.DistanceFieldShadowing:1]]
[2019.10.01-00.26.18:058][  0]LogConfig: Setting CVar [[r.DistanceFieldAO:1]]
[2019.10.01-00.26.18:058][  0]LogConfig: Setting CVar [[r.AOQuality:2]]
[2019.10.01-00.26.18:058][  0]LogConfig: Setting CVar [[r.VolumetricFog:1]]
[2019.10.01-00.26.18:058][  0]LogConfig: Setting CVar [[r.VolumetricFog.GridPixelSize:8]]
[2019.10.01-00.26.18:058][  0]LogConfig: Setting CVar [[r.VolumetricFog.GridSizeZ:128]]
[2019.10.01-00.26.18:058][  0]LogConfig: Setting CVar [[r.VolumetricFog.HistoryMissSupersampleCount:4]]
[2019.10.01-00.26.18:058][  0]LogConfig: Setting CVar [[r.LightMaxDrawDistanceScale:1]]
[2019.10.01-00.26.18:059][  0]LogConfig: Setting CVar [[r.CapsuleShadows:1]]
[2019.10.01-00.26.18:059][  0]LogConfig: Applying CVar settings from Section [PostProcessQuality@3] File [C:/Users/TheHu/OneDrive/Documents/Unreal Projects/QUIZ/Saved/Config/Windows/Scalability.ini]
[2019.10.01-00.26.18:059][  0]LogConfig: Setting CVar [[r.MotionBlurQuality:4]]
[2019.10.01-00.26.18:059][  0]LogConfig: Setting CVar [[r.AmbientOcclusionMipLevelFactor:0.4]]
[2019.10.01-00.26.18:059][  0]LogConfig: Setting CVar [[r.AmbientOcclusionMaxQuality:100]]
[2019.10.01-00.26.18:059][  0]LogConfig: Setting CVar [[r.AmbientOcclusionLevels:-1]]
[2019.10.01-00.26.18:059][  0]LogConfig: Setting CVar [[r.AmbientOcclusionRadiusScale:1.0]]
[2019.10.01-00.26.18:059][  0]LogConfig: Setting CVar [[r.DepthOfFieldQuality:2]]
[2019.10.01-00.26.18:059][  0]LogConfig: Setting CVar [[r.RenderTargetPoolMin:400]]
[2019.10.01-00.26.18:059][  0]LogConfig: Setting CVar [[r.LensFlareQuality:2]]
[2019.10.01-00.26.18:059][  0]LogConfig: Setting CVar [[r.SceneColorFringeQuality:1]]
[2019.10.01-00.26.18:059][  0]LogConfig: Setting CVar [[r.EyeAdaptationQuality:2]]
[2019.10.01-00.26.18:059][  0]LogConfig: Setting CVar [[r.BloomQuality:5]]
[2019.10.01-00.26.18:059][  0]LogConfig: Setting CVar [[r.FastBlurThreshold:100]]
[2019.10.01-00.26.18:059][  0]LogConfig: Setting CVar [[r.Upscale.Quality:3]]
[2019.10.01-00.26.18:059][  0]LogConfig: Setting CVar [[r.Tonemapper.GrainQuantization:1]]
[2019.10.01-00.26.18:059][  0]LogConfig: Setting CVar [[r.LightShaftQuality:1]]
[2019.10.01-00.26.18:059][  0]LogConfig: Setting CVar [[r.Filter.SizeScale:1]]
[2019.10.01-00.26.18:059][  0]LogConfig: Setting CVar [[r.Tonemapper.Quality:5]]
[2019.10.01-00.26.18:059][  0]LogConfig: Setting CVar [[r.DOF.Gather.AccumulatorQuality:1        ; higher gathering accumulator quality]]
[2019.10.01-00.26.18:059][  0]LogConfig: Setting CVar [[r.DOF.Gather.PostfilterMethod:1          ; Median3x3 postfilering method]]
[2019.10.01-00.26.18:059][  0]LogConfig: Setting CVar [[r.DOF.Gather.EnableBokehSettings:0       ; no bokeh simulation when gathering]]
[2019.10.01-00.26.18:059][  0]LogConfig: Setting CVar [[r.DOF.Gather.RingCount:4                 ; medium number of samples when gathering]]
[2019.10.01-00.26.18:059][  0]LogConfig: Setting CVar [[r.DOF.Scatter.ForegroundCompositing:1    ; additive foreground scattering]]
[2019.10.01-00.26.18:059][  0]LogConfig: Setting CVar [[r.DOF.Scatter.BackgroundCompositing:2    ; additive background scattering]]
[2019.10.01-00.26.18:059][  0]LogConfig: Setting CVar [[r.DOF.Scatter.EnableBokehSettings:1      ; bokeh simulation when scattering]]
[2019.10.01-00.26.18:059][  0]LogConfig: Setting CVar [[r.DOF.Scatter.MaxSpriteRatio:0.1         ; only a maximum of 10% of scattered bokeh]]
[2019.10.01-00.26.18:059][  0]LogConfig: Setting CVar [[r.DOF.Recombine.Quality:1                ; cheap slight out of focus]]
[2019.10.01-00.26.18:059][  0]LogConfig: Setting CVar [[r.DOF.Recombine.EnableBokehSettings:0    ; no bokeh simulation on slight out of focus]]
[2019.10.01-00.26.18:059][  0]LogConfig: Setting CVar [[r.DOF.TemporalAAQuality:1                ; more stable temporal accumulation]]
[2019.10.01-00.26.18:059][  0]LogConfig: Setting CVar [[r.DOF.Kernel.MaxForegroundRadius:0.025]]
[2019.10.01-00.26.18:059][  0]LogConfig: Setting CVar [[r.DOF.Kernel.MaxBackgroundRadius:0.025]]
[2019.10.01-00.26.18:059][  0]LogConfig: Applying CVar settings from Section [TextureQuality@3] File [C:/Users/TheHu/OneDrive/Documents/Unreal Projects/QUIZ/Saved/Config/Windows/Scalability.ini]
[2019.10.01-00.26.18:059][  0]LogConfig: Setting CVar [[r.Streaming.MipBias:0]]
[2019.10.01-00.26.18:059][  0]LogConfig: Setting CVar [[r.Streaming.AmortizeCPUToGPUCopy:0]]
[2019.10.01-00.26.18:059][  0]LogConfig: Setting CVar [[r.Streaming.MaxNumTexturesToStreamPerFrame:0]]
[2019.10.01-00.26.18:059][  0]LogConfig: Setting CVar [[r.Streaming.Boost:1]]
[2019.10.01-00.26.18:059][  0]LogConfig: Setting CVar [[r.MaxAnisotropy:8]]
[2019.10.01-00.26.18:059][  0]LogConfig: Setting CVar [[r.Streaming.LimitPoolSizeToVRAM:0]]
[2019.10.01-00.26.18:059][  0]LogConfig: Setting CVar [[r.Streaming.PoolSize:1000]]
[2019.10.01-00.26.18:059][  0]LogConfig: Setting CVar [[r.Streaming.MaxEffectiveScreenSize:0]]
[2019.10.01-00.26.18:059][  0]LogConfig: Applying CVar settings from Section [EffectsQuality@3] File [C:/Users/TheHu/OneDrive/Documents/Unreal Projects/QUIZ/Saved/Config/Windows/Scalability.ini]
[2019.10.01-00.26.18:059][  0]LogConfig: Setting CVar [[r.TranslucencyLightingVolumeDim:64]]
[2019.10.01-00.26.18:059][  0]LogConfig: Setting CVar [[r.RefractionQuality:2]]
[2019.10.01-00.26.18:059][  0]LogConfig: Setting CVar [[r.SSR.Quality:3]]
[2019.10.01-00.26.18:059][  0]LogConfig: Setting CVar [[r.SceneColorFormat:4]]
[2019.10.01-00.26.18:059][  0]LogConfig: Setting CVar [[r.DetailMode:2]]
[2019.10.01-00.26.18:059][  0]LogConfig: Setting CVar [[r.TranslucencyVolumeBlur:1]]
[2019.10.01-00.26.18:059][  0]LogConfig: Setting CVar [[r.MaterialQualityLevel:1 ; High quality]]
[2019.10.01-00.26.18:059][  0]LogConfig: Setting CVar [[r.SSS.Scale:1]]
[2019.10.01-00.26.18:059][  0]LogConfig: Setting CVar [[r.SSS.SampleSet:2]]
[2019.10.01-00.26.18:059][  0]LogConfig: Setting CVar [[r.SSS.Quality:1]]
[2019.10.01-00.26.18:059][  0]LogConfig: Setting CVar [[r.SSS.HalfRes:1]]
[2019.10.01-00.26.18:059][  0]LogConfig: Setting CVar [[r.EmitterSpawnRateScale:1.0]]
[2019.10.01-00.26.18:059][  0]LogConfig: Setting CVar [[r.ParticleLightQuality:2]]
[2019.10.01-00.26.18:059][  0]LogConfig: Applying CVar settings from Section [FoliageQuality@3] File [C:/Users/TheHu/OneDrive/Documents/Unreal Projects/QUIZ/Saved/Config/Windows/Scalability.ini]
[2019.10.01-00.26.18:060][  0]LogConfig: Setting CVar [[foliage.DensityScale:1.0]]
[2019.10.01-00.26.18:060][  0]LogConfig: Setting CVar [[grass.DensityScale:1.0]]
[2019.10.01-00.26.18:060][  0]LogInit: Selected Device Profile: [Windows]
[2019.10.01-00.26.18:060][  0]LogInit: Applying CVar settings loaded from the selected device profile: [Windows]
[2019.10.01-00.26.18:071][  0]LogHAL: Display: Platform has ~ 4 GB [4195008512 / 4294967296 / 4], which maps to Smallest [LargestMinGB=32, LargerMinGB=12, DefaultMinGB=8, SmallerMinGB=6, SmallestMinGB=0)
[2019.10.01-00.26.18:071][  0]LogInit: Going up to parent DeviceProfile []
[2019.10.01-00.26.18:071][  0]LogConfig: Applying CVar settings from Section [ViewDistanceQuality@3] File [C:/Users/TheHu/OneDrive/Documents/Unreal Projects/QUIZ/Saved/Config/Windows/Scalability.ini]
[2019.10.01-00.26.18:071][  0]LogConfig: Setting CVar [[r.SkeletalMeshLODBias:0]]
[2019.10.01-00.26.18:071][  0]LogConfig: Setting CVar [[r.ViewDistanceScale:1.0]]
[2019.10.01-00.26.18:071][  0]LogConfig: Applying CVar settings from Section [AntiAliasingQuality@3] File [C:/Users/TheHu/OneDrive/Documents/Unreal Projects/QUIZ/Saved/Config/Windows/Scalability.ini]
[2019.10.01-00.26.18:071][  0]LogConfig: Setting CVar [[r.PostProcessAAQuality:4]]
[2019.10.01-00.26.18:071][  0]LogConfig: Applying CVar settings from Section [ShadowQuality@3] File [C:/Users/TheHu/OneDrive/Documents/Unreal Projects/QUIZ/Saved/Config/Windows/Scalability.ini]
[2019.10.01-00.26.18:071][  0]LogConfig: Setting CVar [[r.LightFunctionQuality:1]]
[2019.10.01-00.26.18:071][  0]LogConfig: Setting CVar [[r.ShadowQuality:5]]
[2019.10.01-00.26.18:071][  0]LogConfig: Setting CVar [[r.Shadow.CSM.MaxCascades:10]]
[2019.10.01-00.26.18:071][  0]LogConfig: Setting CVar [[r.Shadow.MaxResolution:2048]]
[2019.10.01-00.26.18:071][  0]LogConfig: Setting CVar [[r.Shadow.MaxCSMResolution:2048]]
[2019.10.01-00.26.18:071][  0]LogConfig: Setting CVar [[r.Shadow.RadiusThreshold:0.01]]
[2019.10.01-00.26.18:071][  0]LogConfig: Setting CVar [[r.Shadow.DistanceScale:1.0]]
[2019.10.01-00.26.18:071][  0]LogConfig: Setting CVar [[r.Shadow.CSM.TransitionScale:1.0]]
[2019.10.01-00.26.18:071][  0]LogConfig: Setting CVar [[r.Shadow.PreShadowResolutionFactor:1.0]]
[2019.10.01-00.26.18:071][  0]LogConfig: Setting CVar [[r.DistanceFieldShadowing:1]]
[2019.10.01-00.26.18:071][  0]LogConfig: Setting CVar [[r.DistanceFieldAO:1]]
[2019.10.01-00.26.18:071][  0]LogConfig: Setting CVar [[r.AOQuality:2]]
[2019.10.01-00.26.18:071][  0]LogConfig: Setting CVar [[r.VolumetricFog:1]]
[2019.10.01-00.26.18:071][  0]LogConfig: Setting CVar [[r.VolumetricFog.GridPixelSize:8]]
[2019.10.01-00.26.18:071][  0]LogConfig: Setting CVar [[r.VolumetricFog.GridSizeZ:128]]
[2019.10.01-00.26.18:071][  0]LogConfig: Setting CVar [[r.VolumetricFog.HistoryMissSupersampleCount:4]]
[2019.10.01-00.26.18:072][  0]LogConfig: Setting CVar [[r.LightMaxDrawDistanceScale:1]]
[2019.10.01-00.26.18:072][  0]LogConfig: Setting CVar [[r.CapsuleShadows:1]]
[2019.10.01-00.26.18:072][  0]LogConfig: Applying CVar settings from Section [PostProcessQuality@3] File [C:/Users/TheHu/OneDrive/Documents/Unreal Projects/QUIZ/Saved/Config/Windows/Scalability.ini]
[2019.10.01-00.26.18:072][  0]LogConfig: Setting CVar [[r.MotionBlurQuality:4]]
[2019.10.01-00.26.18:072][  0]LogConfig: Setting CVar [[r.AmbientOcclusionMipLevelFactor:0.4]]
[2019.10.01-00.26.18:072][  0]LogConfig: Setting CVar [[r.AmbientOcclusionMaxQuality:100]]
[2019.10.01-00.26.18:072][  0]LogConfig: Setting CVar [[r.AmbientOcclusionLevels:-1]]
[2019.10.01-00.26.18:072][  0]LogConfig: Setting CVar [[r.AmbientOcclusionRadiusScale:1.0]]
[2019.10.01-00.26.18:072][  0]LogConfig: Setting CVar [[r.DepthOfFieldQuality:2]]
[2019.10.01-00.26.18:072][  0]LogConfig: Setting CVar [[r.RenderTargetPoolMin:400]]
[2019.10.01-00.26.18:072][  0]LogConfig: Setting CVar [[r.LensFlareQuality:2]]
[2019.10.01-00.26.18:072][  0]LogConfig: Setting CVar [[r.SceneColorFringeQuality:1]]
[2019.10.01-00.26.18:072][  0]LogConfig: Setting CVar [[r.EyeAdaptationQuality:2]]
[2019.10.01-00.26.18:072][  0]LogConfig: Setting CVar [[r.BloomQuality:5]]
[2019.10.01-00.26.18:072][  0]LogConfig: Setting CVar [[r.FastBlurThreshold:100]]
[2019.10.01-00.26.18:072][  0]LogConfig: Setting CVar [[r.Upscale.Quality:3]]
[2019.10.01-00.26.18:072][  0]LogConfig: Setting CVar [[r.Tonemapper.GrainQuantization:1]]
[2019.10.01-00.26.18:072][  0]LogConfig: Setting CVar [[r.LightShaftQuality:1]]
[2019.10.01-00.26.18:072][  0]LogConfig: Setting CVar [[r.Filter.SizeScale:1]]
[2019.10.01-00.26.18:072][  0]LogConfig: Setting CVar [[r.Tonemapper.Quality:5]]
[2019.10.01-00.26.18:072][  0]LogConfig: Setting CVar [[r.DOF.Gather.AccumulatorQuality:1        ; higher gathering accumulator quality]]
[2019.10.01-00.26.18:072][  0]LogConfig: Setting CVar [[r.DOF.Gather.PostfilterMethod:1          ; Median3x3 postfilering method]]
[2019.10.01-00.26.18:072][  0]LogConfig: Setting CVar [[r.DOF.Gather.EnableBokehSettings:0       ; no bokeh simulation when gathering]]
[2019.10.01-00.26.18:072][  0]LogConfig: Setting CVar [[r.DOF.Gather.RingCount:4                 ; medium number of samples when gathering]]
[2019.10.01-00.26.18:072][  0]LogConfig: Setting CVar [[r.DOF.Scatter.ForegroundCompositing:1    ; additive foreground scattering]]
[2019.10.01-00.26.18:072][  0]LogConfig: Setting CVar [[r.DOF.Scatter.BackgroundCompositing:2    ; additive background scattering]]
[2019.10.01-00.26.18:072][  0]LogConfig: Setting CVar [[r.DOF.Scatter.EnableBokehSettings:1      ; bokeh simulation when scattering]]
[2019.10.01-00.26.18:072][  0]LogConfig: Setting CVar [[r.DOF.Scatter.MaxSpriteRatio:0.1         ; only a maximum of 10% of scattered bokeh]]
[2019.10.01-00.26.18:072][  0]LogConfig: Setting CVar [[r.DOF.Recombine.Quality:1                ; cheap slight out of focus]]
[2019.10.01-00.26.18:072][  0]LogConfig: Setting CVar [[r.DOF.Recombine.EnableBokehSettings:0    ; no bokeh simulation on slight out of focus]]
[2019.10.01-00.26.18:072][  0]LogConfig: Setting CVar [[r.DOF.TemporalAAQuality:1                ; more stable temporal accumulation]]
[2019.10.01-00.26.18:072][  0]LogConfig: Setting CVar [[r.DOF.Kernel.MaxForegroundRadius:0.025]]
[2019.10.01-00.26.18:072][  0]LogConfig: Setting CVar [[r.DOF.Kernel.MaxBackgroundRadius:0.025]]
[2019.10.01-00.26.18:072][  0]LogConfig: Applying CVar settings from Section [TextureQuality@3] File [C:/Users/TheHu/OneDrive/Documents/Unreal Projects/QUIZ/Saved/Config/Windows/Scalability.ini]
[2019.10.01-00.26.18:072][  0]LogConfig: Setting CVar [[r.Streaming.MipBias:0]]
[2019.10.01-00.26.18:072][  0]LogConfig: Setting CVar [[r.Streaming.AmortizeCPUToGPUCopy:0]]
[2019.10.01-00.26.18:072][  0]LogConfig: Setting CVar [[r.Streaming.MaxNumTexturesToStreamPerFrame:0]]
[2019.10.01-00.26.18:072][  0]LogConfig: Setting CVar [[r.Streaming.Boost:1]]
[2019.10.01-00.26.18:072][  0]LogConfig: Setting CVar [[r.MaxAnisotropy:8]]
[2019.10.01-00.26.18:072][  0]LogConfig: Setting CVar [[r.Streaming.LimitPoolSizeToVRAM:0]]
[2019.10.01-00.26.18:072][  0]LogConfig: Setting CVar [[r.Streaming.PoolSize:1000]]
[2019.10.01-00.26.18:072][  0]LogConfig: Setting CVar [[r.Streaming.MaxEffectiveScreenSize:0]]
[2019.10.01-00.26.18:072][  0]LogConfig: Applying CVar settings from Section [EffectsQuality@3] File [C:/Users/TheHu/OneDrive/Documents/Unreal Projects/QUIZ/Saved/Config/Windows/Scalability.ini]
[2019.10.01-00.26.18:072][  0]LogConfig: Setting CVar [[r.TranslucencyLightingVolumeDim:64]]
[2019.10.01-00.26.18:072][  0]LogConfig: Setting CVar [[r.RefractionQuality:2]]
[2019.10.01-00.26.18:072][  0]LogConfig: Setting CVar [[r.SSR.Quality:3]]
[2019.10.01-00.26.18:072][  0]LogConfig: Setting CVar [[r.SceneColorFormat:4]]
[2019.10.01-00.26.18:072][  0]LogConfig: Setting CVar [[r.DetailMode:2]]
[2019.10.01-00.26.18:072][  0]LogConfig: Setting CVar [[r.TranslucencyVolumeBlur:1]]
[2019.10.01-00.26.18:072][  0]LogConfig: Setting CVar [[r.MaterialQualityLevel:1 ; High quality]]
[2019.10.01-00.26.18:072][  0]LogConfig: Setting CVar [[r.SSS.Scale:1]]
[2019.10.01-00.26.18:072][  0]LogConfig: Setting CVar [[r.SSS.SampleSet:2]]
[2019.10.01-00.26.18:072][  0]LogConfig: Setting CVar [[r.SSS.Quality:1]]
[2019.10.01-00.26.18:072][  0]LogConfig: Setting CVar [[r.SSS.HalfRes:1]]
[2019.10.01-00.26.18:072][  0]LogConfig: Setting CVar [[r.EmitterSpawnRateScale:1.0]]
[2019.10.01-00.26.18:072][  0]LogConfig: Setting CVar [[r.ParticleLightQuality:2]]
[2019.10.01-00.26.18:073][  0]LogConfig: Applying CVar settings from Section [FoliageQuality@3] File [C:/Users/TheHu/OneDrive/Documents/Unreal Projects/QUIZ/Saved/Config/Windows/Scalability.ini]
[2019.10.01-00.26.18:073][  0]LogConfig: Setting CVar [[foliage.DensityScale:1.0]]
[2019.10.01-00.26.18:073][  0]LogConfig: Setting CVar [[grass.DensityScale:1.0]]
[2019.10.01-00.26.18:073][  0]LogConfig: Applying CVar settings from Section [Startup] File [../../../Engine/Config/ConsoleVariables.ini]
[2019.10.01-00.26.18:078][  0]LogConfig: Setting CVar [[net.UseAdaptiveNetUpdateFrequency:0]]
[2019.10.01-00.26.18:078][  0]LogConfig: Setting CVar [[p.chaos.AllowCreatePhysxBodies:1]]
[2019.10.01-00.26.18:078][  0]LogConfig: Applying CVar settings from Section [ConsoleVariables] File [C:/Users/TheHu/OneDrive/Documents/Unreal Projects/QUIZ/Saved/Config/Windows/Engine.ini]
[2019.10.01-00.26.18:079][  0]LogInit: Computer: DESKTOP-EV83EV6
[2019.10.01-00.26.18:079][  0]LogInit: User: TheHu
[2019.10.01-00.26.18:079][  0]LogInit: CPU Page size=4096, Cores=2
[2019.10.01-00.26.18:079][  0]LogInit: High frequency timer resolution =2.143477 MHz
[2019.10.01-00.26.18:079][  0]LogMemory: Memory total: Physical=3.9GB (4GB approx)
[2019.10.01-00.26.18:079][  0]LogMemory: Platform Memory Stats for Windows
[2019.10.01-00.26.18:079][  0]LogMemory: Process Physical Memory: 99.06 MB used, 99.06 MB peak
[2019.10.01-00.26.18:079][  0]LogMemory: Process Virtual Memory: 98.08 MB used, 98.08 MB peak
[2019.10.01-00.26.18:079][  0]LogMemory: Physical Memory: 2775.21 MB used,  1225.46 MB free, 4000.67 MB total
[2019.10.01-00.26.18:079][  0]LogMemory: Virtual Memory: 4666.36 MB used,  134213064.00 MB free, 134217728.00 MB total
[2019.10.01-00.26.18:083][  0]LogWindows: WindowsPlatformFeatures enabled
[2019.10.01-00.26.18:152][  0]LogInit: Using OS detected language (en-US).
[2019.10.01-00.26.18:152][  0]LogInit: Using OS detected locale (en-US).
[2019.10.01-00.26.18:154][  0]LogTextLocalizationManager: No specific localization for 'en-US' exists, so the 'en' localization will be used.
[2019.10.01-00.26.18:758][  0]LogSlate: New Slate User Created.  User Index 0, Is Virtual User: 0
[2019.10.01-00.26.18:758][  0]LogSlate: Slate User Registered.  User Index 0, Is Virtual User: 0
[2019.10.01-00.26.21:540][  0]LogHMD: Failed to initialize OpenVR with code 110
[2019.10.01-00.26.21:540][  0]LogD3D11RHI: D3D11 adapters:
[2019.10.01-00.26.21:549][  0]LogD3D11RHI:    0. 'Intel(R) HD Graphics 5500' (Feature Level 11_0)
[2019.10.01-00.26.21:550][  0]LogD3D11RHI:       128/0/2000 MB DedicatedVideo/DedicatedSystem/SharedSystem, Outputs:1, VendorId:0x8086
[2019.10.01-00.26.21:553][  0]LogD3D11RHI:    1. 'Microsoft Basic Render Driver' (Feature Level 11_0)
[2019.10.01-00.26.21:553][  0]LogD3D11RHI:       0/0/2000 MB DedicatedVideo/DedicatedSystem/SharedSystem, Outputs:0, VendorId:0x1414
[2019.10.01-00.26.21:553][  0]LogD3D11RHI: Chosen D3D11 Adapter: 0
[2019.10.01-00.26.21:562][  0]LogD3D11RHI: Creating new Direct3DDevice
[2019.10.01-00.26.21:562][  0]LogD3D11RHI:     GPU DeviceId: 0x1616 (for the marketing name, search the web for "GPU Device Id")
[2019.10.01-00.26.21:562][  0]LogWindows: EnumDisplayDevices:
[2019.10.01-00.26.21:562][  0]LogWindows:    0. 'Intel(R) HD Graphics 5500' (P:1 D:1)
[2019.10.01-00.26.21:563][  0]LogWindows:    1. 'Intel(R) HD Graphics 5500' (P:0 D:0)
[2019.10.01-00.26.21:563][  0]LogWindows:    2. 'Intel(R) HD Graphics 5500' (P:0 D:0)
[2019.10.01-00.26.21:564][  0]LogWindows: DebugString: FoundDriverCount:3 
[2019.10.01-00.26.21:564][  0]LogD3D11RHI:     Adapter Name: Intel(R) HD Graphics 5500
[2019.10.01-00.26.21:564][  0]LogD3D11RHI:   Driver Version: 20.19.15.4531 (internal:20.19.15.4531, unified:20.19.15.4531)
[2019.10.01-00.26.21:564][  0]LogD3D11RHI:      Driver Date: 9-29-2016
[2019.10.01-00.26.21:564][  0]LogRHI: Texture pool is 789 MB (70% of 1128 MB)
[2019.10.01-00.26.21:570][  0]LogD3D11RHI: Async texture creation enabled
[2019.10.01-00.26.21:580][  0]LogD3D11RHI: GPU Timing Frequency: 12.500000 (Debug: 2 0)
[2019.10.01-00.26.22:495][  0]LogTemp: Display: Module 'AllDesktopTargetPlatform' loaded TargetPlatform 'AllDesktop'
[2019.10.01-00.26.22:513][  0]LogTemp: Display: Module 'MacClientTargetPlatform' loaded TargetPlatform 'MacClient'
[2019.10.01-00.26.22:530][  0]LogTemp: Display: Module 'MacNoEditorTargetPlatform' loaded TargetPlatform 'MacNoEditor'
[2019.10.01-00.26.22:548][  0]LogTemp: Display: Module 'MacServerTargetPlatform' loaded TargetPlatform 'MacServer'
[2019.10.01-00.26.22:583][  0]LogTemp: Display: Module 'MacTargetPlatform' loaded TargetPlatform 'Mac'
[2019.10.01-00.26.22:600][  0]LogTemp: Display: Module 'WindowsClientTargetPlatform' loaded TargetPlatform 'WindowsClient'
[2019.10.01-00.26.22:618][  0]LogTemp: Display: Module 'WindowsNoEditorTargetPlatform' loaded TargetPlatform 'WindowsNoEditor'
[2019.10.01-00.26.22:634][  0]LogTemp: Display: Module 'WindowsServerTargetPlatform' loaded TargetPlatform 'WindowsServer'
[2019.10.01-00.26.22:645][  0]LogTemp: Display: Module 'WindowsTargetPlatform' loaded TargetPlatform 'Windows'
[2019.10.01-00.26.22:709][  0]LogTemp: Display: Module 'AndroidTargetPlatform' loaded TargetPlatform 'Android'
[2019.10.01-00.26.22:709][  0]LogTemp: Display: Module 'AndroidTargetPlatform' loaded TargetPlatform 'Android_ASTC'
[2019.10.01-00.26.22:709][  0]LogTemp: Display: Module 'AndroidTargetPlatform' loaded TargetPlatform 'Android_ATC'
[2019.10.01-00.26.22:709][  0]LogTemp: Display: Module 'AndroidTargetPlatform' loaded TargetPlatform 'Android_DXT'
[2019.10.01-00.26.22:709][  0]LogTemp: Display: Module 'AndroidTargetPlatform' loaded TargetPlatform 'Android_ETC1'
[2019.10.01-00.26.22:709][  0]LogTemp: Display: Module 'AndroidTargetPlatform' loaded TargetPlatform 'Android_ETC1a'
[2019.10.01-00.26.22:709][  0]LogTemp: Display: Module 'AndroidTargetPlatform' loaded TargetPlatform 'Android_ETC2'
[2019.10.01-00.26.22:709][  0]LogTemp: Display: Module 'AndroidTargetPlatform' loaded TargetPlatform 'Android_PVRTC'
[2019.10.01-00.26.22:709][  0]LogTemp: Display: Module 'AndroidTargetPlatform' loaded TargetPlatform 'AndroidClient'
[2019.10.01-00.26.22:709][  0]LogTemp: Display: Module 'AndroidTargetPlatform' loaded TargetPlatform 'Android_ASTCClient'
[2019.10.01-00.26.22:709][  0]LogTemp: Display: Module 'AndroidTargetPlatform' loaded TargetPlatform 'Android_ATCClient'
[2019.10.01-00.26.22:709][  0]LogTemp: Display: Module 'AndroidTargetPlatform' loaded TargetPlatform 'Android_DXTClient'
[2019.10.01-00.26.22:709][  0]LogTemp: Display: Module 'AndroidTargetPlatform' loaded TargetPlatform 'Android_ETC1Client'
[2019.10.01-00.26.22:709][  0]LogTemp: Display: Module 'AndroidTargetPlatform' loaded TargetPlatform 'Android_ETC1aClient'
[2019.10.01-00.26.22:709][  0]LogTemp: Display: Module 'AndroidTargetPlatform' loaded TargetPlatform 'Android_ETC2Client'
[2019.10.01-00.26.22:709][  0]LogTemp: Display: Module 'AndroidTargetPlatform' loaded TargetPlatform 'Android_PVRTCClient'
[2019.10.01-00.26.22:709][  0]LogTemp: Display: Module 'AndroidTargetPlatform' loaded TargetPlatform 'Android_Multi'
[2019.10.01-00.26.22:709][  0]LogTemp: Display: Module 'AndroidTargetPlatform' loaded TargetPlatform 'Android_MultiClient'
[2019.10.01-00.26.22:714][  0]LogTemp: Display: Module 'HTML5TargetPlatform' loaded TargetPlatform 'HTML5'
[2019.10.01-00.26.22:762][  0]LogTemp: Display: Module 'IOSTargetPlatform' loaded TargetPlatform 'IOSClient'
[2019.10.01-00.26.22:762][  0]LogTemp: Display: Module 'IOSTargetPlatform' loaded TargetPlatform 'IOS'
[2019.10.01-00.26.22:783][  0]LogTemp: Display: Module 'TVOSTargetPlatform' loaded TargetPlatform 'TVOSClient'
[2019.10.01-00.26.22:783][  0]LogTemp: Display: Module 'TVOSTargetPlatform' loaded TargetPlatform 'TVOS'
[2019.10.01-00.26.22:795][  0]LogTemp: Display: Module 'LinuxClientTargetPlatform' loaded TargetPlatform 'LinuxClient'
[2019.10.01-00.26.22:807][  0]LogTemp: Display: Module 'LinuxNoEditorTargetPlatform' loaded TargetPlatform 'LinuxNoEditor'
[2019.10.01-00.26.22:819][  0]LogTemp: Display: Module 'LinuxServerTargetPlatform' loaded TargetPlatform 'LinuxServer'
[2019.10.01-00.26.22:846][  0]LogTemp: Display: Module 'LinuxTargetPlatform' loaded TargetPlatform 'Linux'
[2019.10.01-00.26.22:888][  0]LogTemp: Display: Module 'LuminTargetPlatform' loaded TargetPlatform 'Lumin'
[2019.10.01-00.26.22:888][  0]LogTemp: Display: Module 'LuminTargetPlatform' loaded TargetPlatform 'LuminClient'
[2019.10.01-00.26.22:888][  0]LogTargetPlatformManager: Display: Building Assets For Windows
[2019.10.01-00.26.22:914][  0]LogAudioDebug: Display: Lib vorbis DLL was dynamically loaded.
[2019.10.01-00.26.23:072][  0]LogShaderCompilers: Guid format shader working directory is -23 characters bigger than the processId version (../../../../../../Users/TheHu/OneDrive/Documents/Unreal Projects/QUIZ/Intermediate/Shaders/WorkingDirectory/6328/).
[2019.10.01-00.26.23:073][  0]LogShaderCompilers: Cleaned the shader compiler working directory 'C:/Users/TheHu/AppData/Local/Temp/UnrealShaderWorkingDir/42E3AC79476D7385953F768D7A30AD9E/'.
[2019.10.01-00.26.23:080][  0]LogXGEController: Cannot use XGE Controller as Incredibuild is not installed on this machine.
[2019.10.01-00.26.23:080][  0]LogShaderCompilers: Cannot use XGE Shader Compiler as Incredibuild is not installed on this machine.
[2019.10.01-00.26.23:080][  0]LogShaderCompilers: Display: Using Local Shader Compiler.
[2019.10.01-00.26.25:884][  0]LogDerivedDataCache: Display: Max Cache Size: 512 MB
[2019.10.01-00.26.26:224][  0]LogDerivedDataCache: Loaded boot cache 0.34s 73MB C:/Users/TheHu/AppData/Local/UnrealEngine/4.23/DerivedDataCache/Boot.ddc.
[2019.10.01-00.26.26:224][  0]LogDerivedDataCache: Display: Loaded Boot cache: C:/Users/TheHu/AppData/Local/UnrealEngine/4.23/DerivedDataCache/Boot.ddc
[2019.10.01-00.26.26:224][  0]LogDerivedDataCache: FDerivedDataBackendGraph:  Pak pak cache file ../../../../../../Users/TheHu/OneDrive/Documents/Unreal Projects/QUIZ/DerivedDataCache/DDC.ddp not found, will not use a pak cache.
[2019.10.01-00.26.26:224][  0]LogDerivedDataCache: Unable to find inner node Pak for hierarchical cache Hierarchy.
[2019.10.01-00.26.26:224][  0]LogDerivedDataCache: FDerivedDataBackendGraph:  CompressedPak pak cache file ../../../../../../Users/TheHu/OneDrive/Documents/Unreal Projects/QUIZ/DerivedDataCache/Compressed.ddp not found, will not use a pak cache.
[2019.10.01-00.26.26:224][  0]LogDerivedDataCache: Unable to find inner node CompressedPak for hierarchical cache Hierarchy.
[2019.10.01-00.26.26:240][  0]LogDerivedDataCache: Display: Pak cache opened for reading ../../../Engine/DerivedDataCache/Compressed.ddp.
[2019.10.01-00.26.26:240][  0]LogDerivedDataCache: FDerivedDataBackendGraph:  EnterprisePak pak cache file ../../../Enterprise/DerivedDataCache/Compressed.ddp not found, will not use a pak cache.
[2019.10.01-00.26.26:240][  0]LogDerivedDataCache: Unable to find inner node EnterprisePak for hierarchical cache Hierarchy.
[2019.10.01-00.26.26:241][  0]LogDerivedDataCache: Using Local data cache path C:/Users/TheHu/AppData/Local/UnrealEngine/Common/DerivedDataCache: Writable
[2019.10.01-00.26.26:242][  0]LogDerivedDataCache: Shared data cache path not found in *engine.ini, will not use an Shared cache.
[2019.10.01-00.26.26:242][  0]LogDerivedDataCache: Unable to find inner node Shared for hierarchical cache Hierarchy.
[2019.10.01-00.26.26:274][  0]LogMaterial: Verifying Global Shaders for PCD3D_SM5
[2019.10.01-00.26.26:277][  0]LogSlate: Using FreeType 2.6.0
[2019.10.01-00.26.26:290][  0]LogSlate: SlateFontServices - WITH_FREETYPE: 1, WITH_HARFBUZZ: 1
[2019.10.01-00.26.26:722][  0]LogAssetRegistry: FAssetRegistry took 0.0034 seconds to start up
[2019.10.01-00.26.27:179][  0]LogInit: Selected Device Profile: [Windows]
[2019.10.01-00.26.27:420][  0]LogMeshReduction: Using QuadricMeshReduction for automatic static mesh reduction
[2019.10.01-00.26.27:420][  0]LogMeshReduction: Using SimplygonMeshReduction for automatic skeletal mesh reduction
[2019.10.01-00.26.27:420][  0]LogMeshReduction: Using ProxyLODMeshReduction for automatic mesh merging
[2019.10.01-00.26.27:420][  0]LogMeshReduction: No distributed automatic mesh merging module available
[2019.10.01-00.26.27:420][  0]LogMeshMerging: No distributed automatic mesh merging module available
[2019.10.01-00.26.27:436][  0]LogNetVersion: QUIZ 1.0.0, NetCL: 8386587, EngineNetVer: 11, GameNetVer: 0 (Checksum: 1420803330)
[2019.10.01-00.26.28:080][  0]LogPackageLocalizationCache: Processed 12 localized package path(s) for 1 prioritized culture(s) in 0.085103 seconds
[2019.10.01-00.26.28:091][  0]LogUObjectArray: 43444 objects as part of root set at end of initial load.
[2019.10.01-00.26.28:091][  0]LogUObjectAllocator: 7548648 out of 0 bytes used by permanent object pool.
[2019.10.01-00.26.28:091][  0]LogUObjectArray: CloseDisregardForGC: 0/0 objects in disregard for GC pool
[2019.10.01-00.26.33:377][  0]LogTcpMessaging: Initializing TcpMessaging bridge
[2019.10.01-00.26.33:382][  0]LogUdpMessaging: Initializing bridge on interface 0.0.0.0:0 to multicast group 230.0.0.1:6666.
[2019.10.01-00.26.33:498][  0]SourceControl: Source control is disabled
[2019.10.01-00.26.33:498][  0]SourceControl: Source control is disabled
[2019.10.01-00.26.33:503][  0]SourceControl: Source control is disabled
[2019.10.01-00.26.33:506][  0]SourceControl: Source control is disabled
[2019.10.01-00.26.33:521][  0]LogVSAccessor: Display: Unable to create Visual Studio setup instance: 80040154
[2019.10.01-00.26.33:522][  0]LogVSAccessor: Display: Unable to create Visual Studio setup instance: 80040154
[2019.10.01-00.26.33:733][  0]LogAndroidPermission: UAndroidPermissionCallbackProxy::GetInstance
[2019.10.01-00.26.34:014][  0]LogOcInput: OculusInput pre-init called
[2019.10.01-00.26.34:029][  0]LogWindows: Failed to load 'OVRPlugin.dll' (GetLastError=126)
[2019.10.01-00.26.34:029][  0]LogWindows: File 'OVRPlugin.dll' does not exist
[2019.10.01-00.26.34:159][  0]LogEngine: Initializing Engine...
[2019.10.01-00.26.34:160][  0]LogHMD: Failed to initialize OpenVR with code 110
[2019.10.01-00.26.34:162][  0]LogStats: UGameplayTagsManager::InitializeManager -  0.000 s
[2019.10.01-00.26.34:484][  0]LogInit: Initializing FReadOnlyCVARCache
[2019.10.01-00.26.34:532][  0]LogAIModule: Creating AISystem for world Untitled
[2019.10.01-00.26.34:559][  0]LogInit: XAudio2 using 'Headphones (AirPods Stereo)' : 2 channels at 44.1 kHz using 16 bits per sample (channel mask 0x3)
[2019.10.01-00.26.34:712][  0]LogInit: FAudioDevice initialized.
[2019.10.01-00.26.34:712][  0]LogNetVersion: Set ProjectVersion to 1.0.0.0. Version Checksum will be recalculated on next use.
[2019.10.01-00.26.34:927][  0]LogDerivedDataCache: Saved boot cache 0.21s 73MB C:/Users/TheHu/AppData/Local/UnrealEngine/4.23/DerivedDataCache/Boot.ddc.
[2019.10.01-00.26.34:955][  0]LogInit: Texture streaming: Enabled
[2019.10.01-00.26.35:048][  0]LogEngineSessionManager: EngineSessionManager initialized
[2019.10.01-00.26.35:164][  0]LogInit: Transaction tracking system initialized
[2019.10.01-00.26.35:270][  0]BlueprintLog: New page: Editor Load
[2019.10.01-00.26.36:133][  0]LocalizationService: Localization service is disabled
[2019.10.01-00.26.37:039][  0]LogVSAccessor: Display: Unable to create Visual Studio setup instance: 80040154
[2019.10.01-00.26.37:040][  0]LogVSAccessor: Display: Unable to create Visual Studio setup instance: 80040154
[2019.10.01-00.26.37:413][  0]LogFileCache: Scanning file cache for directory 'C:/Users/TheHu/OneDrive/Documents/Unreal Projects/QUIZ/Content/' took 0.02s
[2019.10.01-00.26.37:413][  0]LogCook: Display: Max memory allowance for cook 16384mb min free memory 0mb
[2019.10.01-00.26.37:413][  0]LogCook: Display: Mobile HDR setting 1
[2019.10.01-00.26.37:977][  0]SourceControl: Source control is disabled
[2019.10.01-00.26.37:977][  0]Cmd: MAP LOAD FILE="../../../../../../Users/TheHu/OneDrive/Documents/Unreal Projects/QUIZ/Content/StarterContent/Maps/Minimal_Default.umap" TEMPLATE=0 SHOWPROGRESS=1 FEATURELEVEL=3
[2019.10.01-00.26.37:988][  0]LightingResults: New page: Lighting Build
[2019.10.01-00.26.37:999][  0]LogWorld: UWorld::CleanupWorld for Untitled, bSessionEnded=true, bCleanupResources=true
[2019.10.01-00.26.38:000][  0]MapCheck: New page: Map Check
[2019.10.01-00.26.38:000][  0]LightingResults: New page: Lighting Build
[2019.10.01-00.26.38:056][  0]LogUObjectHash: Compacting FUObjectHashTables data took   5.51ms
[2019.10.01-00.26.38:965][  0]LogAIModule: Creating AISystem for world Minimal_Default
[2019.10.01-00.26.38:984][  0]LogEditorServer: Finished looking for orphan Actors (0.000 secs)
[2019.10.01-00.26.39:038][  0]LogUObjectHash: Compacting FUObjectHashTables data took   3.16ms
[2019.10.01-00.26.39:038][  0]Cmd: MAP CHECKDEP NOCLEARLOG
[2019.10.01-00.26.39:038][  0]MapCheck: Map check complete: 0 Error(s), 0 Warning(s), took 0.216ms to complete.
[2019.10.01-00.26.39:038][  0]LogFileHelpers: Loading map 'Minimal_Default' took 1.061
[2019.10.01-00.26.39:306][  0]LogSlate: Updating window title bar state: overlay mode, drag disabled, window buttons hidden, title bar hidden
[2019.10.01-00.26.39:317][  0]LogSlate: Updating window title bar state: overlay mode, drag disabled, window buttons hidden, title bar hidden
[2019.10.01-00.26.39:329][  0]LogSlate: Updating window title bar state: overlay mode, drag disabled, window buttons hidden, title bar hidden
[2019.10.01-00.26.39:341][  0]LogSlate: Updating window title bar state: overlay mode, drag disabled, window buttons hidden, title bar hidden
[2019.10.01-00.26.39:371][  0]LogCollectionManager: Loaded 0 collections in 0.006819 seconds
[2019.10.01-00.26.39:416][  0]LogFileCache: Scanning file cache for directory 'C:/Users/TheHu/OneDrive/Documents/Unreal Projects/QUIZ/Saved/Collections/' took 0.00s
[2019.10.01-00.26.39:416][  0]LogFileCache: Scanning file cache for directory 'C:/Users/TheHu/OneDrive/Documents/Unreal Projects/QUIZ/Content/Developers/TheHu/Collections/' took 0.00s
[2019.10.01-00.26.39:416][  0]LogFileCache: Scanning file cache for directory 'C:/Users/TheHu/OneDrive/Documents/Unreal Projects/QUIZ/Content/Collections/' took 0.00s
[2019.10.01-00.26.39:416][  0]LogCollectionManager: Rebuilt the GUID cache for 0 collections in 0.000003 seconds
[2019.10.01-00.26.39:442][  0]LogContentBrowser: Native class hierarchy populated in 0.0176 seconds. Added 2863 classes and 680 folders.
[2019.10.01-00.26.39:517][  0]LogContentBrowser: Native class hierarchy updated for 'WidgetCarousel' in 0.0003 seconds. Added 0 classes and 0 folders.
[2019.10.01-00.26.40:081][  0]LogContentBrowser: Native class hierarchy updated for 'AddContentDialog' in 0.0003 seconds. Added 0 classes and 0 folders.
[2019.10.01-00.26.40:104][  0]LogContentBrowser: Native class hierarchy updated for 'SceneOutliner' in 0.0003 seconds. Added 1 classes and 2 folders.
[2019.10.01-00.26.40:197][  0]LogSlate: Took 0.000351 seconds to synchronously load lazily loaded font '../../../Engine/Content/Slate/Fonts/Roboto-Bold.ttf' (160K)
[2019.10.01-00.26.40:202][  0]LogSlate: Took 0.000778 seconds to synchronously load lazily loaded font '../../../Engine/Content/Slate/Fonts/Roboto-Regular.ttf' (155K)
[2019.10.01-00.26.40:223][  0]LogContentBrowser: Native class hierarchy updated for 'HierarchicalLODOutliner' in 0.0003 seconds. Added 0 classes and 0 folders.
[2019.10.01-00.26.40:223][  0]LogLoad: (Engine Initialization) Total time: 30.07 seconds
[2019.10.01-00.26.40:223][  0]LogLoad: (Engine Initialization) Total Blueprint compile time: 0.00 seconds
[2019.10.01-00.26.40:288][  0]LogContentStreaming: Texture pool size now 1000 MB
[2019.10.01-00.26.40:303][  0]LogSlate: Took 0.009072 seconds to synchronously load lazily loaded font '../../../Engine/Content/Editor/Slate/Fonts/FontAwesome.ttf' (139K)
[2019.10.01-00.26.40:807][  1]LogRenderer: Reallocating scene render targets to support 1016x360 Format 10 NumSamples 1 (Frame:1).
[2019.10.01-00.26.43:149][ 11]LogAssetRegistry: Asset discovery search completed in 16.4275 seconds
[2019.10.01-00.26.43:158][ 11]LogCollectionManager: Rebuilt the object cache for 0 collections in 0.000013 seconds (found 0 objects)
[2019.10.01-00.26.43:158][ 11]LogCollectionManager: Fixed up redirectors for 0 collections in 0.000138 seconds (updated 0 objects)
[2019.10.01-00.26.44:760][ 55]LogSlate: FSceneViewport::OnFocusLost() reason 0
[2019.10.01-00.26.44:843][ 57]LogSlate: Took 0.008067 seconds to synchronously load lazily loaded font '../../../Engine/Content/Slate/Fonts/Roboto-Light.ttf' (167K)
[2019.10.01-00.26.44:855][ 59]LogTemp: Repeating last play command: Selected Viewport
[2019.10.01-00.26.44:877][ 59]LogBlueprintUserMessages: Early PlayInEditor Detection: Level '/Game/StarterContent/Maps/Minimal_Default.Minimal_Default:PersistentLevel' has LevelScriptBlueprint '/Game/StarterContent/Maps/Minimal_Default.Minimal_Default:PersistentLevel.Minimal_Default' with GeneratedClass '/Game/StarterContent/Maps/Minimal_Default.Minimal_Default_C' with ClassGeneratedBy '/Game/StarterContent/Maps/Minimal_Default.Minimal_Default:PersistentLevel.Minimal_Default'
[2019.10.01-00.26.44:879][ 59]LogPlayLevel: PlayLevel: No blueprints needed recompiling
[2019.10.01-00.26.44:886][ 59]PIE: New page: PIE session: Minimal_Default (Sep 30, 2019, 2:26:44 PM)
[2019.10.01-00.26.44:893][ 59]LogOnline: OSS: Creating online subsystem instance for: NULL
[2019.10.01-00.26.44:895][ 59]LogPlayLevel: Creating play world package: /Game/StarterContent/Maps/UEDPIE_0_Minimal_Default
[2019.10.01-00.26.44:902][ 59]LogPlayLevel: PIE: StaticDuplicateObject took: (0.006554s)
[2019.10.01-00.26.44:904][ 59]LogAIModule: Creating AISystem for world Minimal_Default
[2019.10.01-00.26.44:905][ 59]LogPlayLevel: PIE: World Init took: (0.002306s)
[2019.10.01-00.26.44:905][ 59]LogPlayLevel: PIE: Created PIE world by copying editor world from /Game/StarterContent/Maps/Minimal_Default.Minimal_Default to /Game/StarterContent/Maps/UEDPIE_0_Minimal_Default.Minimal_Default (0.010174s)
[2019.10.01-00.26.44:933][ 59]LogUObjectHash: Compacting FUObjectHashTables data took   1.71ms
[2019.10.01-00.26.44:952][ 59]LogInit: XAudio2 using 'Headphones (AirPods Stereo)' : 2 channels at 44.1 kHz using 16 bits per sample (channel mask 0x3)
[2019.10.01-00.26.44:965][ 59]LogInit: FAudioDevice initialized.
[2019.10.01-00.26.44:987][ 59]LogLoad: Game class is 'GameModeBase'
[2019.10.01-00.26.45:000][ 59]LogWorld: Bringing World /Game/StarterContent/Maps/UEDPIE_0_Minimal_Default.Minimal_Default up for play (max tick rate 0) at 2019.09.30-19.26.45
[2019.10.01-00.26.45:003][ 59]LogWorld: Bringing up level for play took: 0.004034
[2019.10.01-00.26.45:004][ 59]LogOnline: OSS: Creating online subsystem instance for: :Context_1
[2019.10.01-00.26.45:039][ 59]LogContentBrowser: Native class hierarchy updated for 'MovieSceneCapture' in 0.0004 seconds. Added 20 classes and 0 folders.
[2019.10.01-00.26.45:052][ 59]PIE: Play in editor start time for /Game/StarterContent/Maps/UEDPIE_0_Minimal_Default 0.068
[2019.10.01-00.26.45:052][ 59]LogBlueprintUserMessages: Late PlayInEditor Detection: Level '/Game/StarterContent/Maps/Minimal_Default.Minimal_Default:PersistentLevel' has LevelScriptBlueprint '/Game/StarterContent/Maps/Minimal_Default.Minimal_Default:PersistentLevel.Minimal_Default' with GeneratedClass '/Game/StarterContent/Maps/Minimal_Default.Minimal_Default_C' with ClassGeneratedBy '/Game/StarterContent/Maps/Minimal_Default.Minimal_Default:PersistentLevel.Minimal_Default'
[2019.10.01-00.26.53:360][320]LogBlueprintUserMessages: Early EndPlayMap Detection: Level '/Game/StarterContent/Maps/Minimal_Default.Minimal_Default:PersistentLevel' has LevelScriptBlueprint '/Game/StarterContent/Maps/Minimal_Default.Minimal_Default:PersistentLevel.Minimal_Default' with GeneratedClass '/Game/StarterContent/Maps/Minimal_Default.Minimal_Default_C' with ClassGeneratedBy '/Game/StarterContent/Maps/Minimal_Default.Minimal_Default:PersistentLevel.Minimal_Default'
[2019.10.01-00.26.53:362][320]LogSlate: Updating window title bar state: overlay mode, drag disabled, window buttons hidden, title bar hidden
[2019.10.01-00.26.53:362][320]LogWorld: BeginTearingDown for /Game/StarterContent/Maps/UEDPIE_0_Minimal_Default
[2019.10.01-00.26.53:364][320]LogWorld: UWorld::CleanupWorld for Minimal_Default, bSessionEnded=true, bCleanupResources=true
[2019.10.01-00.26.53:438][320]LogPlayLevel: Display: Shutting down PIE online subsystems
[2019.10.01-00.26.53:439][320]LogBlueprintUserMessages: Late EndPlayMap Detection: Level '/Game/StarterContent/Maps/Minimal_Default.Minimal_Default:PersistentLevel' has LevelScriptBlueprint '/Game/StarterContent/Maps/Minimal_Default.Minimal_Default:PersistentLevel.Minimal_Default' with GeneratedClass '/Game/StarterContent/Maps/Minimal_Default.Minimal_Default_C' with ClassGeneratedBy '/Game/StarterContent/Maps/Minimal_Default.Minimal_Default:PersistentLevel.Minimal_Default'
[2019.10.01-00.26.53:477][320]LogSlate: Updating window title bar state: overlay mode, drag disabled, window buttons hidden, title bar hidden
[2019.10.01-00.26.53:488][320]LogUObjectHash: Compacting FUObjectHashTables data took   2.36ms
[2019.10.01-00.26.53:510][321]LogPlayLevel: Display: Destroying online subsystem :Context_1
[2019.10.01-00.26.54:974][364]LogSlate: FSceneViewport::OnFocusLost() reason 2
[2019.10.01-00.26.56:124][378]LogSlate: Took 0.000573 seconds to synchronously load lazily loaded font '../../../Engine/Content/Slate/Fonts/Roboto-Light.ttf' (167K)
[2019.10.01-00.27.07:192][676]LogSlate: FSceneViewport::OnFocusLost() reason 0
[2019.10.01-00.27.07:441][681]LogAssetEditorManager: Opening Asset editor for WidgetBlueprint /Game/Blueprints/AdvisorWidget.AdvisorWidget
[2019.10.01-00.27.08:024][681]LogContentBrowser: Native class hierarchy updated for 'BlueprintGraph' in 0.0007 seconds. Added 121 classes and 0 folders.
[2019.10.01-00.27.09:843][681]LogSlate: Took 0.007333 seconds to synchronously load lazily loaded font '../../../Engine/Content/Slate/Fonts/Roboto-BoldCondensed.ttf' (158K)
[2019.10.01-00.27.24:535][ 30]LogSlate: Took 0.017261 seconds to synchronously load lazily loaded font '../../../Engine/Content/Slate/Fonts/Roboto-Italic.ttf' (157K)
[2019.10.01-00.29.45:768][200]LogTemp: Repeating last play command: Selected Viewport
[2019.10.01-00.29.45:864][200]LogBlueprintUserMessages: Early PlayInEditor Detection: Level '/Game/StarterContent/Maps/Minimal_Default.Minimal_Default:PersistentLevel' has LevelScriptBlueprint '/Game/StarterContent/Maps/Minimal_Default.Minimal_Default:PersistentLevel.Minimal_Default' with GeneratedClass '/Game/StarterContent/Maps/Minimal_Default.Minimal_Default_C' with ClassGeneratedBy '/Game/StarterContent/Maps/Minimal_Default.Minimal_Default:PersistentLevel.Minimal_Default'
[2019.10.01-00.29.45:865][200]BlueprintLog: New page: Pre-Play auto-recompile
[2019.10.01-00.29.45:867][200]LogPlayLevel: [PlayLevel] Compiling AdvisorWidget before play...
[2019.10.01-00.29.46:357][200]LogUObjectHash: Compacting FUObjectHashTables data took   7.68ms
[2019.10.01-00.29.46:358][200]LogPlayLevel: PlayLevel: Blueprint regeneration took 492 ms (1 blueprints)
[2019.10.01-00.29.46:358][200]PIE: New page: PIE session: Minimal_Default (Sep 30, 2019, 2:29:46 PM)
[2019.10.01-00.29.46:359][200]LogPlayLevel: Creating play world package: /Game/StarterContent/Maps/UEDPIE_0_Minimal_Default
[2019.10.01-00.29.46:364][200]LogPlayLevel: PIE: StaticDuplicateObject took: (0.004753s)
[2019.10.01-00.29.46:365][200]LogAIModule: Creating AISystem for world Minimal_Default
[2019.10.01-00.29.46:365][200]LogPlayLevel: PIE: World Init took: (0.001370s)
[2019.10.01-00.29.46:365][200]LogPlayLevel: PIE: Created PIE world by copying editor world from /Game/StarterContent/Maps/Minimal_Default.Minimal_Default to /Game/StarterContent/Maps/UEDPIE_0_Minimal_Default.Minimal_Default (0.006326s)
[2019.10.01-00.29.46:416][200]LogUObjectHash: Compacting FUObjectHashTables data took   5.60ms
[2019.10.01-00.29.46:431][200]LogInit: XAudio2 using 'Headphones (AirPods Stereo)' : 2 channels at 44.1 kHz using 16 bits per sample (channel mask 0x3)
[2019.10.01-00.29.46:445][200]LogInit: FAudioDevice initialized.
[2019.10.01-00.29.46:457][200]LogLoad: Game class is 'GameModeBase'
[2019.10.01-00.29.46:459][200]LogWorld: Bringing World /Game/StarterContent/Maps/UEDPIE_0_Minimal_Default.Minimal_Default up for play (max tick rate 0) at 2019.09.30-19.29.46
[2019.10.01-00.29.46:460][200]LogWorld: Bringing up level for play took: 0.001795
[2019.10.01-00.29.46:460][200]LogOnline: OSS: Creating online subsystem instance for: :Context_4
[2019.10.01-00.29.46:463][200]PIE: Play in editor start time for /Game/StarterContent/Maps/UEDPIE_0_Minimal_Default 1.479
[2019.10.01-00.29.46:463][200]LogBlueprintUserMessages: Late PlayInEditor Detection: Level '/Game/StarterContent/Maps/Minimal_Default.Minimal_Default:PersistentLevel' has LevelScriptBlueprint '/Game/StarterContent/Maps/Minimal_Default.Minimal_Default:PersistentLevel.Minimal_Default' with GeneratedClass '/Game/StarterContent/Maps/Minimal_Default.Minimal_Default_C' with ClassGeneratedBy '/Game/StarterContent/Maps/Minimal_Default.Minimal_Default:PersistentLevel.Minimal_Default'
[2019.10.01-00.29.48:307][243]LogSlate: FSceneViewport::OnFocusLost() reason 0
[2019.10.01-00.29.59:252][578]LogBlueprintUserMessages: Early EndPlayMap Detection: Level '/Game/StarterContent/Maps/Minimal_Default.Minimal_Default:PersistentLevel' has LevelScriptBlueprint '/Game/StarterContent/Maps/Minimal_Default.Minimal_Default:PersistentLevel.Minimal_Default' with GeneratedClass '/Game/StarterContent/Maps/Minimal_Default.Minimal_Default_C' with ClassGeneratedBy '/Game/StarterContent/Maps/Minimal_Default.Minimal_Default:PersistentLevel.Minimal_Default'
[2019.10.01-00.29.59:252][578]LogSlate: Updating window title bar state: overlay mode, drag disabled, window buttons hidden, title bar hidden
[2019.10.01-00.29.59:253][578]LogWorld: BeginTearingDown for /Game/StarterContent/Maps/UEDPIE_0_Minimal_Default
[2019.10.01-00.29.59:253][578]LogWorld: UWorld::CleanupWorld for Minimal_Default, bSessionEnded=true, bCleanupResources=true
[2019.10.01-00.29.59:339][578]LogPlayLevel: Display: Shutting down PIE online subsystems
[2019.10.01-00.29.59:340][578]LogBlueprintUserMessages: Late EndPlayMap Detection: Level '/Game/StarterContent/Maps/Minimal_Default.Minimal_Default:PersistentLevel' has LevelScriptBlueprint '/Game/StarterContent/Maps/Minimal_Default.Minimal_Default:PersistentLevel.Minimal_Default' with GeneratedClass '/Game/StarterContent/Maps/Minimal_Default.Minimal_Default_C' with ClassGeneratedBy '/Game/StarterContent/Maps/Minimal_Default.Minimal_Default:PersistentLevel.Minimal_Default'
[2019.10.01-00.29.59:392][578]LogSlate: Updating window title bar state: overlay mode, drag disabled, window buttons hidden, title bar hidden
[2019.10.01-00.29.59:399][578]LogUObjectHash: Compacting FUObjectHashTables data took   5.85ms
[2019.10.01-00.29.59:423][579]LogPlayLevel: Display: Destroying online subsystem :Context_4
[2019.10.01-00.30.01:815][614]LogSlate: FSceneViewport::OnFocusLost() reason 5
[2019.10.01-00.30.39:850][428]LogSlate: Window 'AdvisorWidget' being destroyed
[2019.10.01-00.30.39:893][428]LogSlate: Window 'AdvisorWidget' being destroyed
[2019.10.01-00.30.40:052][428]LogWorld: UWorld::CleanupWorld for World_1, bSessionEnded=true, bCleanupResources=true
[2019.10.01-00.30.40:084][428]LogWorld: UWorld::CleanupWorld for World_0, bSessionEnded=true, bCleanupResources=true
[2019.10.01-00.30.42:063][481]LogSlate: FSceneViewport::OnFocusLost() reason 0
[2019.10.01-00.30.42:300][484]LogUObjectHash: Compacting FUObjectHashTables data took   6.19ms
[2019.10.01-00.30.46:208][484]LogSlate: Window 'Save Content' being destroyed
[2019.10.01-00.30.46:322][484]LogSlate: Window 'QUIZ - Unreal Editor' being destroyed
[2019.10.01-00.30.46:499][485]Cmd: QUIT_EDITOR
[2019.10.01-00.30.47:420][485]LogWindowsTextInputMethodSystem: Display: IME system now deactivated.
[2019.10.01-00.30.47:442][485]LogExit: Preparing to exit.
[2019.10.01-00.30.47:696][485]LogDemo: Cleaned up 0 splitscreen connections with owner deletion
[2019.10.01-00.30.47:718][485]LogWorld: UWorld::CleanupWorld for None, bSessionEnded=true, bCleanupResources=true
[2019.10.01-00.30.47:719][485]LogExit: Editor shut down
[2019.10.01-00.30.47:719][485]LogExit: Transaction tracking system shut down
[2019.10.01-00.30.48:041][485]LogExit: Object subsystem successfully closed.
[2019.10.01-00.30.48:069][485]LogShaderCompilers: Display: Shaders left to compile 0
[2019.10.01-00.30.48:158][485]LogModuleManager: Shutting down and abandoning module SequencerWidgets (676)
[2019.10.01-00.30.48:158][485]LogModuleManager: Shutting down and abandoning module BlueprintGraph (674)
[2019.10.01-00.30.48:158][485]LogModuleManager: Shutting down and abandoning module MovieSceneCapture (672)
[2019.10.01-00.30.48:158][485]LogModuleManager: Shutting down and abandoning module Voice (670)
[2019.10.01-00.30.48:158][485]LogModuleManager: Shutting down and abandoning module HierarchicalLODOutliner (668)
[2019.10.01-00.30.48:159][485]LogModuleManager: Shutting down and abandoning module SceneOutliner (666)
[2019.10.01-00.30.48:159][485]LogModuleManager: Shutting down and abandoning module AddContentDialog (664)
[2019.10.01-00.30.48:160][485]LogModuleManager: Shutting down and abandoning module WidgetCarousel (663)
[2019.10.01-00.30.48:160][485]LogModuleManager: Shutting down and abandoning module EditorWidgets (660)
[2019.10.01-00.30.48:160][485]LogModuleManager: Shutting down and abandoning module CollectionManager (658)
[2019.10.01-00.30.48:161][485]LogModuleManager: Shutting down and abandoning module StatsViewer (656)
[2019.10.01-00.30.48:162][485]LogModuleManager: Shutting down and abandoning module VirtualTexturingEditor (654)
[2019.10.01-00.30.48:162][485]LogModuleManager: Shutting down and abandoning module FoliageEdit (652)
[2019.10.01-00.30.48:162][485]LogModuleManager: Shutting down and abandoning module LandscapeEditor (650)
[2019.10.01-00.30.48:166][485]LogModuleManager: Shutting down and abandoning module MeshPaintMode (648)
[2019.10.01-00.30.48:166][485]LogModuleManager: Shutting down and abandoning module SceneDepthPickerMode (646)
[2019.10.01-00.30.48:166][485]LogModuleManager: Shutting down and abandoning module ActorPickerMode (644)
[2019.10.01-00.30.48:166][485]LogModuleManager: Shutting down and abandoning module GeometryMode (642)
[2019.10.01-00.30.48:167][485]LogModuleManager: Shutting down and abandoning module TextureAlignMode (640)
[2019.10.01-00.30.48:167][485]LogModuleManager: Shutting down and abandoning module BspMode (638)
[2019.10.01-00.30.48:167][485]LogModuleManager: Shutting down and abandoning module PIEPreviewDeviceProfileSelector (636)
[2019.10.01-00.30.48:168][485]LogModuleManager: Shutting down and abandoning module SequenceRecorderSections (634)
[2019.10.01-00.30.48:168][485]LogModuleManager: Shutting down and abandoning module AutomationWorker (632)
[2019.10.01-00.30.48:169][485]LogModuleManager: Shutting down and abandoning module OculusMR (630)
[2019.10.01-00.30.48:169][485]LogModuleManager: Shutting down and abandoning module AudioCaptureEditor (628)
[2019.10.01-00.30.48:169][485]LogModuleManager: Shutting down and abandoning module MatineeToLevelSequence (626)
[2019.10.01-00.30.48:170][485]LogModuleManager: Shutting down and abandoning module LevelSequenceEditor (624)
[2019.10.01-00.30.48:172][485]LogModuleManager: Shutting down and abandoning module PlacementMode (623)
[2019.10.01-00.30.48:172][485]LogModuleManager: Shutting down and abandoning module MaterialEditor (622)
[2019.10.01-00.30.48:174][485]LogModuleManager: Shutting down and abandoning module ActorSequenceEditor (618)
[2019.10.01-00.30.48:174][485]LogModuleManager: Shutting down and abandoning module WmfMediaFactory (616)
[2019.10.01-00.30.48:174][485]LogModuleManager: Shutting down and abandoning module WmfMediaEditor (614)
[2019.10.01-00.30.48:174][485]LogModuleManager: Shutting down and abandoning module WebMMediaFactory (612)
[2019.10.01-00.30.48:174][485]LogModuleManager: Shutting down and abandoning module WebMMediaEditor (610)
[2019.10.01-00.30.48:174][485]LogModuleManager: Shutting down and abandoning module WebMMedia (608)
[2019.10.01-00.30.48:175][485]LogModuleManager: Shutting down and abandoning module MediaPlayerEditor (606)
[2019.10.01-00.30.48:176][485]LogModuleManager: Shutting down and abandoning module MediaCompositingEditor (604)
[2019.10.01-00.30.48:177][485]LogModuleManager: Shutting down and abandoning module SequenceRecorder (603)
[2019.10.01-00.30.48:177][485]LogModuleManager: Shutting down and abandoning module OpenExrWrapper (600)
[2019.10.01-00.30.48:177][485]LogModuleManager: Shutting down and abandoning module ImgMediaFactory (598)
[2019.10.01-00.30.48:177][485]LogModuleManager: Shutting down and abandoning module ImgMediaEditor (596)
[2019.10.01-00.30.48:177][485]LogModuleManager: Shutting down and abandoning module AvfMediaFactory (594)
[2019.10.01-00.30.48:177][485]LogModuleManager: Shutting down and abandoning module AvfMediaEditor (592)
[2019.10.01-00.30.48:177][485]LogModuleManager: Shutting down and abandoning module AndroidMediaFactory (590)
[2019.10.01-00.30.48:177][485]LogModuleManager: Shutting down and abandoning module AndroidMediaEditor (588)
[2019.10.01-00.30.48:177][485]LogModuleManager: Shutting down and abandoning module MagicLeapCameraPreviewFactory (586)
[2019.10.01-00.30.48:177][485]LogModuleManager: Shutting down and abandoning module MagicLeapMediaCodecFactory (584)
[2019.10.01-00.30.48:177][485]LogModuleManager: Shutting down and abandoning module MagicLeapMediaFactory (582)
[2019.10.01-00.30.48:177][485]LogModuleManager: Shutting down and abandoning module MagicLeapMediaEditor (580)
[2019.10.01-00.30.48:177][485]LogModuleManager: Shutting down and abandoning module CharacterAI (578)
[2019.10.01-00.30.48:177][485]LogModuleManager: Shutting down and abandoning module SmartSnapping (576)
[2019.10.01-00.30.48:177][485]LogModuleManager: Shutting down and abandoning module SessionServices (574)
[2019.10.01-00.30.48:177][485]LogModuleManager: Shutting down and abandoning module MeshPaint (572)
[2019.10.01-00.30.48:178][485]LogModuleManager: Shutting down and abandoning module ViewportSnapping (570)
[2019.10.01-00.30.48:178][485]LogModuleManager: Shutting down and abandoning module ViewportInteraction (568)
[2019.10.01-00.30.48:178][485]LogModuleManager: Shutting down and abandoning module ClothPainter (566)
[2019.10.01-00.30.48:179][485]LogModuleManager: Shutting down and abandoning module SkeletalMeshEditor (565)
[2019.10.01-00.30.48:182][485]LogModuleManager: Shutting down and abandoning module LogVisualizer (562)
[2019.10.01-00.30.48:182][485]LogModuleManager: Shutting down and abandoning module IntroTutorials (560)
[2019.10.01-00.30.48:182][485]LogModuleManager: Shutting down and abandoning module GameProjectGeneration (559)
[2019.10.01-00.30.48:183][485]LogModuleManager: Shutting down and abandoning module LuminPlatformEditor (556)
[2019.10.01-00.30.48:183][485]LogModuleManager: Shutting down and abandoning module IOSPlatformEditor (554)
[2019.10.01-00.30.48:183][485]LogModuleManager: Shutting down and abandoning module HTML5PlatformEditor (552)
[2019.10.01-00.30.48:183][485]LogModuleManager: Shutting down and abandoning module AndroidPlatformEditor (550)
[2019.10.01-00.30.48:183][485]LogModuleManager: Shutting down and abandoning module AndroidDeviceDetection (549)
[2019.10.01-00.30.49:056][485]LogModuleManager: Shutting down and abandoning module WindowsPlatformEditor (546)
[2019.10.01-00.30.49:056][485]LogModuleManager: Shutting down and abandoning module LuminRuntimeSettings (544)
[2019.10.01-00.30.49:056][485]LogModuleManager: Shutting down and abandoning module IOSRuntimeSettings (542)
[2019.10.01-00.30.49:056][485]LogModuleManager: Shutting down and abandoning module AndroidRuntimeSettings (540)
[2019.10.01-00.30.49:056][485]LogModuleManager: Shutting down and abandoning module TimeManagementEditor (538)
[2019.10.01-00.30.49:056][485]LogModuleManager: Shutting down and abandoning module InputBindingEditor (536)
[2019.10.01-00.30.49:056][485]LogModuleManager: Shutting down and abandoning module MergeActors (534)
[2019.10.01-00.30.49:057][485]LogModuleManager: Shutting down and abandoning module LocalizationDashboard (532)
[2019.10.01-00.30.49:058][485]LogModuleManager: Shutting down and abandoning module LocalizationService (531)
[2019.10.01-00.30.49:059][485]LogModuleManager: Shutting down and abandoning module HardwareTargeting (528)
[2019.10.01-00.30.49:059][485]LogModuleManager: Shutting down and abandoning module DeviceProfileEditor (526)
[2019.10.01-00.30.49:059][485]LogModuleManager: Shutting down and abandoning module UndoHistory (524)
[2019.10.01-00.30.49:059][485]LogModuleManager: Shutting down and abandoning module XmlParser (522)
[2019.10.01-00.30.49:060][485]LogModuleManager: Shutting down and abandoning module Blutility (520)
[2019.10.01-00.30.49:060][485]LogModuleManager: Shutting down and abandoning module ProjectSettingsViewer (518)
[2019.10.01-00.30.49:060][485]LogModuleManager: Shutting down and abandoning module ProjectTargetPlatformEditor (517)
[2019.10.01-00.30.49:060][485]LogModuleManager: Shutting down and abandoning module EditorSettingsViewer (514)
[2019.10.01-00.30.49:060][485]LogModuleManager: Shutting down and abandoning module SettingsEditor (512)
[2019.10.01-00.30.49:061][485]LogModuleManager: Shutting down and abandoning module ProjectLauncher (510)
[2019.10.01-00.30.49:061][485]LogModuleManager: Shutting down and abandoning module SessionFrontend (508)
[2019.10.01-00.30.49:061][485]LogModuleManager: Shutting down and abandoning module ProfilerClient (506)
[2019.10.01-00.30.49:062][485]LogModuleManager: Shutting down and abandoning module DeviceManager (504)
[2019.10.01-00.30.49:063][485]LogModuleManager: Shutting down and abandoning module TargetDeviceServices (503)
[2019.10.01-00.30.49:106][485]LogModuleManager: Shutting down and abandoning module AutomationController (500)
[2019.10.01-00.30.49:107][485]LogModuleManager: Shutting down and abandoning module AutomationWindow (498)
[2019.10.01-00.30.49:107][485]LogModuleManager: Shutting down and abandoning module Layers (496)
[2019.10.01-00.30.49:109][485]LogModuleManager: Shutting down and abandoning module ComponentVisualizers (494)
[2019.10.01-00.30.49:109][485]LogModuleManager: Shutting down and abandoning module DetailCustomizations (492)
[2019.10.01-00.30.49:110][485]LogModuleManager: Shutting down and abandoning module PackagesDialog (490)
[2019.10.01-00.30.49:110][485]LogModuleManager: Shutting down and abandoning module AnimationBlueprintEditor (488)
[2019.10.01-00.30.49:112][485]LogModuleManager: Shutting down and abandoning module Persona (486)
[2019.10.01-00.30.49:113][485]LogModuleManager: Shutting down and abandoning module AdvancedPreviewScene (485)
[2019.10.01-00.30.49:113][485]LogModuleManager: Shutting down and abandoning module AnimGraph (483)
[2019.10.01-00.30.49:113][485]LogModuleManager: Shutting down and abandoning module Kismet (480)
[2019.10.01-00.30.49:120][485]LogModuleManager: Shutting down and abandoning module KismetWidgets (479)
[2019.10.01-00.30.49:120][485]LogModuleManager: Shutting down and abandoning module GraphEditor (476)
[2019.10.01-00.30.49:120][485]LogModuleManager: Shutting down and abandoning module StructViewer (474)
[2019.10.01-00.30.49:120][485]LogModuleManager: Shutting down and abandoning module ClassViewer (472)
[2019.10.01-00.30.49:120][485]LogModuleManager: Shutting down and abandoning module Toolbox (470)
[2019.10.01-00.30.49:120][485]LogModuleManager: Shutting down and abandoning module ModuleUI (468)
[2019.10.01-00.30.49:121][485]LogModuleManager: Shutting down and abandoning module MovieSceneTools (466)
[2019.10.01-00.30.49:122][485]LogModuleManager: Shutting down and abandoning module OutputLog (464)
[2019.10.01-00.30.49:123][485]LogModuleManager: Shutting down and abandoning module GammaUI (462)
[2019.10.01-00.30.49:123][485]LogModuleManager: Shutting down and abandoning module Documentation (460)
[2019.10.01-00.30.49:123][485]LogModuleManager: Shutting down and abandoning module LiveCoding (458)
[2019.10.01-00.30.49:124][485]LogModuleManager: Shutting down and abandoning module LevelSequence (456)
[2019.10.01-00.30.49:124][485]LogModuleManager: Shutting down and abandoning module MovieSceneTracks (454)
[2019.10.01-00.30.49:124][485]LogModuleManager: Shutting down and abandoning module MovieScene (452)
[2019.10.01-00.30.49:124][485]LogModuleManager: Shutting down and abandoning module StreamingPauseRendering (450)
[2019.10.01-00.30.49:125][485]LogModuleManager: Shutting down and abandoning module LauncherPlatform (448)
[2019.10.01-00.30.49:125][485]LogModuleManager: Shutting down and abandoning module AnalyticsET (446)
[2019.10.01-00.30.49:125][485]LogModuleManager: Shutting down and abandoning module PortalServices (444)
[2019.10.01-00.30.49:125][485]LogModuleManager: Shutting down and abandoning module PortalRpc (442)
[2019.10.01-00.30.49:125][485]LogModuleManager: Shutting down and abandoning module MessagingRpc (440)
[2019.10.01-00.30.49:125][485]LogModuleManager: Shutting down and abandoning module AIModule (438)
[2019.10.01-00.30.49:125][485]LogModuleManager: Shutting down and abandoning module GameplayDebugger (437)
[2019.10.01-00.30.49:125][485]LogModuleManager: Shutting down and abandoning module AITestSuite (435)
[2019.10.01-00.30.49:125][485]LogModuleManager: Shutting down and abandoning module NavigationSystem (433)
[2019.10.01-00.30.49:125][485]LogModuleManager: Shutting down and abandoning module DesktopPlatform (430)
[2019.10.01-00.30.49:126][485]LogModuleManager: Shutting down and abandoning module ImageWriteQueue (428)
[2019.10.01-00.30.49:130][485]LogModuleManager: Shutting down and abandoning module ProfilerService (426)
[2019.10.01-00.30.49:187][485]LogModuleManager: Shutting down and abandoning module TaskGraph (424)
[2019.10.01-00.30.49:189][485]LogModuleManager: Shutting down and abandoning module ScreenshotTools (422)
[2019.10.01-00.30.49:189][485]LogModuleManager: Shutting down and abandoning module SteamVRController (420)
[2019.10.01-00.30.49:189][485]LogModuleManager: Shutting down and abandoning module ProceduralMeshComponentEditor (418)
[2019.10.01-00.30.49:189][485]LogModuleManager: Shutting down and abandoning module ProceduralMeshComponent (416)
[2019.10.01-00.30.49:189][485]LogModuleManager: Shutting down and abandoning module OculusEditor (414)
[2019.10.01-00.30.49:189][485]LogModuleManager: Shutting down and abandoning module OculusInput (412)
[2019.10.01-00.30.49:189][485]LogModuleManager: Shutting down and abandoning module MobilePatchingUtils (410)
[2019.10.01-00.30.49:189][485]LogModuleManager: Shutting down and abandoning module EditableMesh (408)
[2019.10.01-00.30.49:189][485]LogModuleManager: Shutting down and abandoning module CustomMeshComponent (406)
[2019.10.01-00.30.49:189][485]LogModuleManager: Shutting down and abandoning module CableComponent (404)
[2019.10.01-00.30.49:189][485]LogModuleManager: Shutting down and abandoning module AudioCapture (402)
[2019.10.01-00.30.49:189][485]LogModuleManager: Shutting down and abandoning module ArchVisCharacter (400)
[2019.10.01-00.30.49:189][485]LogModuleManager: Shutting down and abandoning module AppleImageUtilsBlueprintSupport (398)
[2019.10.01-00.30.49:189][485]LogModuleManager: Shutting down and abandoning module AppleImageUtils (396)
[2019.10.01-00.30.49:189][485]LogModuleManager: Shutting down and abandoning module AndroidPermission (394)
[2019.10.01-00.30.49:189][485]LogModuleManager: Shutting down and abandoning module NUTUnrealEngine4 (392)
[2019.10.01-00.30.49:190][485]LogModuleManager: Shutting down and abandoning module NetcodeUnitTest (390)
[2019.10.01-00.30.49:191][485]LogModuleManager: Shutting down and abandoning module MediaCompositing (388)
[2019.10.01-00.30.49:191][485]LogModuleManager: Shutting down and abandoning module ImgMedia (386)
[2019.10.01-00.30.49:191][485]LogModuleManager: Shutting down and abandoning module MagicLeapHelperVulkan (384)
[2019.10.01-00.30.49:191][485]LogModuleManager: Shutting down and abandoning module MagicLeapHelperOpenGL (382)
[2019.10.01-00.30.49:191][485]LogModuleManager: Shutting down and abandoning module MagicLeapAudio (380)
[2019.10.01-00.30.49:191][485]LogModuleManager: Shutting down and abandoning module HTML5Networking (378)
[2019.10.01-00.30.49:192][485]LogModuleManager: Shutting down and abandoning module GeometryCacheTracks (376)
[2019.10.01-00.30.49:192][485]LogModuleManager: Shutting down and abandoning module GeometryCacheSequencer (374)
[2019.10.01-00.30.49:192][485]LogModuleManager: Shutting down and abandoning module BackChannel (372)
[2019.10.01-00.30.49:192][485]LogModuleManager: Shutting down and abandoning module AutomationUtilsEditor (370)
[2019.10.01-00.30.49:192][485]LogModuleManager: Shutting down and abandoning module AutomationUtils (368)
[2019.10.01-00.30.49:192][485]LogModuleManager: Shutting down and abandoning module AlembicImporter (366)
[2019.10.01-00.30.49:192][485]LogModuleManager: Shutting down and abandoning module AlembicLibrary (365)
[2019.10.01-00.30.49:192][485]LogModuleManager: Shutting down and abandoning module GeometryCache (364)
[2019.10.01-00.30.49:192][485]LogModuleManager: Shutting down and abandoning module GeometryCacheEd (363)
[2019.10.01-00.30.49:192][485]LogModuleManager: Shutting down and abandoning module VariantManagerContent (358)
[2019.10.01-00.30.49:192][485]LogModuleManager: Shutting down and abandoning module DatasmithContentEditor (356)
[2019.10.01-00.30.49:193][485]LogModuleManager: Shutting down and abandoning module SpeedTreeImporter (354)
[2019.10.01-00.30.49:193][485]LogModuleManager: Shutting down and abandoning module PluginBrowser (352)
[2019.10.01-00.30.49:195][485]LogModuleManager: Shutting down and abandoning module MobileLauncherProfileWizard (350)
[2019.10.01-00.30.49:195][485]LogModuleManager: Shutting down and abandoning module MaterialAnalyzer (348)
[2019.10.01-00.30.49:196][485]LogModuleManager: Shutting down and abandoning module CurveEditorTools (346)
[2019.10.01-00.30.49:196][485]LogModuleManager: Shutting down and abandoning module CurveEditor (345)
[2019.10.01-00.30.49:196][485]LogModuleManager: Shutting down and abandoning module CryptoKeysOpenSSL (342)
[2019.10.01-00.30.49:196][485]LogModuleManager: Shutting down and abandoning module CryptoKeys (340)
[2019.10.01-00.30.49:196][485]LogModuleManager: Shutting down and abandoning module VisualStudioSourceCodeAccess (338)
[2019.10.01-00.30.49:196][485]LogModuleManager: Shutting down and abandoning module VisualStudioCodeSourceCodeAccess (336)
[2019.10.01-00.30.49:196][485]LogModuleManager: Shutting down and abandoning module UObjectPlugin (334)
[2019.10.01-00.30.49:196][485]LogModuleManager: Shutting down and abandoning module SubversionSourceControl (332)
[2019.10.01-00.30.49:197][485]LogModuleManager: Shutting down and abandoning module PerforceSourceControl (330)
[2019.10.01-00.30.49:199][485]LogModuleManager: Shutting down and abandoning module GitSourceControl (328)
[2019.10.01-00.30.49:200][485]LogModuleManager: Shutting down and abandoning module SourceControl (327)
[2019.10.01-00.30.49:200][485]LogModuleManager: Shutting down and abandoning module CLionSourceCodeAccess (324)
[2019.10.01-00.30.49:200][485]LogModuleManager: Shutting down and abandoning module AnimationSharingEd (322)
[2019.10.01-00.30.49:200][485]LogModuleManager: Shutting down and abandoning module ActorLayerUtilitiesEditor (320)
[2019.10.01-00.30.49:200][485]LogModuleManager: Shutting down and abandoning module ActorLayerUtilities (318)
[2019.10.01-00.30.49:200][485]LogModuleManager: Shutting down and abandoning module LightPropagationVolumeEditor (316)
[2019.10.01-00.30.49:200][485]LogModuleManager: Shutting down and abandoning module PaperTiledImporter (314)
[2019.10.01-00.30.49:200][485]LogModuleManager: Shutting down and abandoning module PaperSpriteSheetImporter (312)
[2019.10.01-00.30.49:200][485]LogModuleManager: Shutting down and abandoning module Paper2DEditor (310)
[2019.10.01-00.30.49:202][485]LogModuleManager: Shutting down and abandoning module SignificanceManager (308)
[2019.10.01-00.30.49:202][485]LogModuleManager: Shutting down and abandoning module RuntimePhysXCooking (306)
[2019.10.01-00.30.49:202][485]LogModuleManager: Shutting down and abandoning module PhysXVehiclesEditor (304)
[2019.10.01-00.30.49:202][485]LogModuleManager: Shutting down and abandoning module LocationServicesBPLibrary (300)
[2019.10.01-00.30.49:202][485]LogModuleManager: Shutting down and abandoning module ActorSequence (298)
[2019.10.01-00.30.49:202][485]LogModuleManager: Shutting down and abandoning module UdpMessaging (296)
[2019.10.01-00.30.49:302][485]LogModuleManager: Shutting down and abandoning module TcpMessaging (294)
[2019.10.01-00.30.49:403][485]LogModuleManager: Shutting down and abandoning module MagicLeapIdentity (292)
[2019.10.01-00.30.49:403][485]LogModuleManager: Shutting down and abandoning module MagicLeapSecureStorage (290)
[2019.10.01-00.30.49:403][485]LogModuleManager: Shutting down and abandoning module MagicLeapHandTracking (288)
[2019.10.01-00.30.49:403][485]LogModuleManager: Shutting down and abandoning module MagicLeapEyeTracker (286)
[2019.10.01-00.30.49:403][485]LogModuleManager: Shutting down and abandoning module MagicLeapController (284)
[2019.10.01-00.30.49:403][485]LogSlate: Slate User Destroyed.  User Index 0, Is Virtual User: 0
[2019.10.01-00.30.49:403][485]LogModuleManager: Shutting down and abandoning module MagicLeapAR (282)
[2019.10.01-00.30.49:403][485]LogModuleManager: Shutting down and abandoning module AugmentedReality (281)
[2019.10.01-00.30.49:403][485]LogModuleManager: Shutting down and abandoning module GameplayTagsEditor (278)
[2019.10.01-00.30.49:404][485]LogModuleManager: Shutting down and abandoning module FacialAnimationEditor (276)
[2019.10.01-00.30.49:404][485]LogModuleManager: Shutting down and abandoning module FacialAnimation (274)
[2019.10.01-00.30.49:404][485]LogModuleManager: Shutting down and abandoning module DataValidation (272)
[2019.10.01-00.30.49:404][485]LogModuleManager: Shutting down and abandoning module AssetManagerEditor (270)
[2019.10.01-00.30.49:405][485]LogModuleManager: Shutting down and abandoning module LevelEditor (269)
[2019.10.01-00.30.49:407][485]LogModuleManager: Shutting down and abandoning module PixelInspectorModule (268)
[2019.10.01-00.30.49:408][485]LogModuleManager: Shutting down and abandoning module CommonMenuExtensions (266)
[2019.10.01-00.30.49:408][485]LogModuleManager: Shutting down and abandoning module MainFrame (264)
[2019.10.01-00.30.49:408][485]LogModuleManager: Shutting down and abandoning module HotReload (263)
[2019.10.01-00.30.49:409][485]LogModuleManager: Shutting down and abandoning module ContentBrowser (259)
[2019.10.01-00.30.49:410][485]LogModuleManager: Shutting down and abandoning module TreeMap (257)
[2019.10.01-00.30.49:411][485]LogModuleManager: Shutting down and abandoning module AnimationSharing (254)
[2019.10.01-00.30.49:411][485]LogModuleManager: Shutting down and abandoning module LightPropagationVolumeRuntime (252)
[2019.10.01-00.30.49:411][485]LogModuleManager: Shutting down and abandoning module Paper2D (250)
[2019.10.01-00.30.49:411][485]LogModuleManager: Shutting down and abandoning module WindowsMoviePlayer (248)
[2019.10.01-00.30.49:414][485]LogModuleManager: Shutting down and abandoning module WebMMoviePlayer (246)
[2019.10.01-00.30.49:415][485]LogModuleManager: Shutting down and abandoning module NetworkReplayStreaming (244)
[2019.10.01-00.30.49:415][485]LogModuleManager: Shutting down and abandoning module PacketHandler (242)
[2019.10.01-00.30.49:415][485]LogModuleManager: Shutting down and abandoning module ClothingSystemEditor (240)
[2019.10.01-00.30.49:415][485]LogModuleManager: Shutting down and abandoning module ClothingSystemRuntime (238)
[2019.10.01-00.30.49:415][485]LogModuleManager: Shutting down and abandoning module MediaAssets (236)
[2019.10.01-00.30.49:416][485]LogModuleManager: Shutting down and abandoning module Overlay (234)
[2019.10.01-00.30.49:416][485]LogModuleManager: Shutting down and abandoning module OverlayEditor (233)
[2019.10.01-00.30.49:416][485]LogModuleManager: Shutting down and abandoning module VREditor (230)
[2019.10.01-00.30.49:416][485]LogModuleManager: Shutting down and abandoning module StringTableEditor (228)
[2019.10.01-00.30.49:417][485]LogModuleManager: Shutting down and abandoning module GameplayTasksEditor (226)
[2019.10.01-00.30.49:417][485]LogModuleManager: Shutting down and abandoning module BehaviorTreeEditor (224)
[2019.10.01-00.30.49:419][485]LogModuleManager: Shutting down and abandoning module FunctionalTesting (222)
[2019.10.01-00.30.49:419][485]LogModuleManager: Shutting down and abandoning module CollisionAnalyzer (220)
[2019.10.01-00.30.49:420][485]LogModuleManager: Shutting down and abandoning module WorkspaceMenuStructure (219)
[2019.10.01-00.30.49:421][485]LogModuleManager: Shutting down and abandoning module UMG (216)
[2019.10.01-00.30.49:421][485]LogModuleManager: Shutting down and abandoning module UMGEditor (215)
[2019.10.01-00.30.49:421][485]LogModuleManager: Shutting down and abandoning module Sequencer (214)
[2019.10.01-00.30.49:421][485]LogModuleManager: Shutting down and abandoning module MessageLog (211)
[2019.10.01-00.30.49:421][485]LogModuleManager: Shutting down and abandoning module SlateReflector (206)
[2019.10.01-00.30.49:423][485]LogModuleManager: Shutting down and abandoning module Slate (204)
[2019.10.01-00.30.49:423][485]LogModuleManager: Shutting down and abandoning module LandscapeEditorUtilities (202)
[2019.10.01-00.30.49:423][485]LogModuleManager: Shutting down and abandoning module EditorStyle (200)
[2019.10.01-00.30.49:425][485]LogModuleManager: Shutting down and abandoning module UnrealEd (198)
[2019.10.01-00.30.49:425][485]LogModuleManager: Shutting down and abandoning module MRMesh (196)
[2019.10.01-00.30.49:425][485]LogModuleManager: Shutting down and abandoning module SourceCodeAccess (194)
[2019.10.01-00.30.49:425][485]LogModuleManager: Shutting down and abandoning module HeadMountedDisplay (192)
[2019.10.01-00.30.49:425][485]LogModuleManager: Shutting down and abandoning module XAudio2 (190)
[2019.10.01-00.30.49:425][485]LogModuleManager: Shutting down and abandoning module Networking (188)
[2019.10.01-00.30.49:425][485]LogModuleManager: Shutting down and abandoning module Core (186)
[2019.10.01-00.30.49:425][485]LogModuleManager: Shutting down and abandoning module KismetCompiler (184)
[2019.10.01-00.30.49:425][485]LogModuleManager: Shutting down and abandoning module MeshUtilities (182)
[2019.10.01-00.30.49:425][485]LogModuleManager: Shutting down and abandoning module MeshMergeUtilities (181)
[2019.10.01-00.30.49:426][485]LogModuleManager: Shutting down and abandoning module MeshReductionInterface (180)
[2019.10.01-00.30.49:426][485]LogModuleManager: Shutting down and abandoning module SkeletalMeshReduction (179)
[2019.10.01-00.30.49:427][485]LogModuleManager: Shutting down and abandoning module ProxyLODMeshReduction (177)
[2019.10.01-00.30.49:428][485]LogModuleManager: Shutting down and abandoning module QuadricMeshReduction (175)
[2019.10.01-00.30.49:428][485]LogModuleManager: Shutting down and abandoning module MaterialBaking (171)
[2019.10.01-00.30.49:429][485]LogModuleManager: Shutting down and abandoning module NullInstallBundleManager (166)
[2019.10.01-00.30.49:429][485]LogModuleManager: Shutting down and abandoning module DerivedDataCache (164)
[2019.10.01-00.30.49:479][485]LogDerivedDataCache: Shutdown
[2019.10.01-00.30.49:480][485]LogModuleManager: Shutting down and abandoning module XGEController (162)
[2019.10.01-00.30.49:480][485]LogModuleManager: Shutting down and abandoning module TargetPlatform (160)
[2019.10.01-00.30.49:481][485]LogModuleManager: Shutting down and abandoning module VulkanShaderFormat (159)
[2019.10.01-00.30.49:481][485]LogModuleManager: Shutting down and abandoning module ShaderFormatVectorVM (157)
[2019.10.01-00.30.49:482][485]LogModuleManager: Shutting down and abandoning module ShaderFormatOpenGL (155)
[2019.10.01-00.30.49:482][485]LogModuleManager: Shutting down and abandoning module ShaderFormatD3D (153)
[2019.10.01-00.30.49:482][485]LogModuleManager: Shutting down and abandoning module MetalShaderFormat (151)
[2019.10.01-00.30.49:483][485]LogModuleManager: Shutting down and abandoning module TextureFormatUncompressed (149)
[2019.10.01-00.30.49:483][485]LogModuleManager: Shutting down and abandoning module TextureFormatPVR (147)
[2019.10.01-00.30.49:483][485]LogModuleManager: Shutting down and abandoning module TextureFormatDXT (145)
[2019.10.01-00.30.49:483][485]LogModuleManager: Shutting down and abandoning module TextureFormatIntelISPCTexComp (143)
[2019.10.01-00.30.49:484][485]LogModuleManager: Shutting down and abandoning module TextureFormatASTC (141)
[2019.10.01-00.30.49:484][485]LogModuleManager: Shutting down and abandoning module ImageWrapper (140)
[2019.10.01-00.30.49:484][485]LogModuleManager: Shutting down and abandoning module TextureFormatAndroid (137)
[2019.10.01-00.30.49:484][485]LogModuleManager: Shutting down and abandoning module AudioFormatOpus (135)
[2019.10.01-00.30.49:484][485]LogModuleManager: Shutting down and abandoning module AudioFormatOgg (133)
[2019.10.01-00.30.49:484][485]LogModuleManager: Shutting down and abandoning module AudioFormatADPCM (131)
[2019.10.01-00.30.49:484][485]LogModuleManager: Shutting down and abandoning module LuminTargetPlatform (129)
[2019.10.01-00.30.49:485][485]LogModuleManager: Shutting down and abandoning module LinuxTargetPlatform (127)
[2019.10.01-00.30.49:485][485]LogModuleManager: Shutting down and abandoning module LinuxServerTargetPlatform (125)
[2019.10.01-00.30.49:486][485]LogModuleManager: Shutting down and abandoning module LinuxNoEditorTargetPlatform (123)
[2019.10.01-00.30.49:486][485]LogModuleManager: Shutting down and abandoning module LinuxClientTargetPlatform (121)
[2019.10.01-00.30.49:486][485]LogModuleManager: Shutting down and abandoning module TVOSTargetPlatform (119)
[2019.10.01-00.30.49:487][485]LogModuleManager: Shutting down and abandoning module Messaging (117)
[2019.10.01-00.30.49:487][485]LogModuleManager: Shutting down and abandoning module IOSTargetPlatform (115)
[2019.10.01-00.30.49:488][485]LogModuleManager: Shutting down and abandoning module HTML5TargetPlatform (113)
[2019.10.01-00.30.49:488][485]LogModuleManager: Shutting down and abandoning module AndroidTargetPlatform (111)
[2019.10.01-00.30.49:498][485]LogModuleManager: Shutting down and abandoning module WindowsTargetPlatform (109)
[2019.10.01-00.30.49:498][485]LogModuleManager: Shutting down and abandoning module WindowsServerTargetPlatform (107)
[2019.10.01-00.30.49:498][485]LogModuleManager: Shutting down and abandoning module WindowsNoEditorTargetPlatform (105)
[2019.10.01-00.30.49:498][485]LogModuleManager: Shutting down and abandoning module WindowsClientTargetPlatform (103)
[2019.10.01-00.30.49:498][485]LogModuleManager: Shutting down and abandoning module MacTargetPlatform (101)
[2019.10.01-00.30.49:498][485]LogModuleManager: Shutting down and abandoning module MacServerTargetPlatform (99)
[2019.10.01-00.30.49:498][485]LogModuleManager: Shutting down and abandoning module MacNoEditorTargetPlatform (97)
[2019.10.01-00.30.49:498][485]LogModuleManager: Shutting down and abandoning module MacClientTargetPlatform (95)
[2019.10.01-00.30.49:498][485]LogModuleManager: Shutting down and abandoning module AllDesktopTargetPlatform (93)
[2019.10.01-00.30.49:498][485]LogModuleManager: Shutting down and abandoning module InputCore (90)
[2019.10.01-00.30.49:498][485]LogModuleManager: Shutting down and abandoning module Settings (88)
[2019.10.01-00.30.49:498][485]LogModuleManager: Shutting down and abandoning module DirectoryWatcher (86)
[2019.10.01-00.30.49:498][485]LogModuleManager: Shutting down and abandoning module PhysXCooking (84)
[2019.10.01-00.30.49:498][485]LogModuleManager: Shutting down and abandoning module WindowsPlatformFeatures (82)
[2019.10.01-00.30.49:498][485]LogModuleManager: Shutting down and abandoning module GameplayMediaEncoder (81)
[2019.10.01-00.30.49:499][485]LogModuleManager: Shutting down and abandoning module SteamVR (78)
[2019.10.01-00.30.49:499][485]LogHMD: Freeing OpenVRDLLHandle.
[2019.10.01-00.30.49:499][485]LogModuleManager: Shutting down and abandoning module OculusHMD (76)
[2019.10.01-00.30.49:499][485]LogModuleManager: Shutting down and abandoning module ExampleDeviceProfileSelector (74)
[2019.10.01-00.30.49:500][485]LogModuleManager: Shutting down and abandoning module LauncherChunkInstaller (72)
[2019.10.01-00.30.49:500][485]LogModuleManager: Shutting down and abandoning module OnlineBlueprintSupport (70)
[2019.10.01-00.30.49:500][485]LogModuleManager: Shutting down and abandoning module OnlineSubsystem (66)
[2019.10.01-00.30.49:501][485]LogModuleManager: Shutting down and abandoning module XMPP (61)
[2019.10.01-00.30.49:502][485]LogModuleManager: Shutting down and abandoning module WebSockets (60)
[2019.10.01-00.30.49:519][485]LogModuleManager: Shutting down and abandoning module HTTP (57)
[2019.10.01-00.30.49:519][485]LogHttp: Display: Http module shutting down, but needs to wait on 1 outstanding Http requests:
[2019.10.01-00.30.49:520][485]LogHttp: Display: 	verb=[POST] url=[https://datarouter.ol.epicgames.com/datarouter/api/v1/public/data?SessionID=%7B73DA5682-4B6C-C490-1A7A-D78E16D52B3A%7D&AppID=UEEditor.Rocket.Release&AppVersion=4.23.0-8386587%2B%2B%2BUE4%2BRelease-4.23&UserID=bf840a064b8345b5966caf8a92096d6e%7C3f6fa79923564d91bfcd732f2d025e65%7Ce2ade531-e51c-4298-b7f6-436ec233cafc&AppEnvironment=datacollector-binary&UploadType=eteventstream] status=Processing
[2019.10.01-00.30.49:529][485]LogModuleManager: Shutting down and abandoning module SSL (56)
[2019.10.01-00.30.49:530][485]LogModuleManager: Shutting down and abandoning module WmfMedia (52)
[2019.10.01-00.30.49:533][485]LogModuleManager: Shutting down and abandoning module Media (51)
[2019.10.01-00.30.49:535][485]LogModuleManager: Shutting down and abandoning module MagicLeap (48)
[2019.10.01-00.30.49:535][485]LogModuleManager: Shutting down and abandoning module DatasmithContent (46)
[2019.10.01-00.30.49:536][485]LogModuleManager: Shutting down and abandoning module AISupportModule (44)
[2019.10.01-00.30.49:536][485]LogModuleManager: Shutting down and abandoning module PlatformCryptoOpenSSL (42)
[2019.10.01-00.30.49:536][485]LogModuleManager: Shutting down and abandoning module PlatformCrypto (40)
[2019.10.01-00.30.49:536][485]LogModuleManager: Shutting down and abandoning module AnimationModifiers (38)
[2019.10.01-00.30.49:537][485]LogModuleManager: Shutting down and abandoning module PropertyEditor (37)
[2019.10.01-00.30.49:538][485]LogModuleManager: Shutting down and abandoning module AudioEditor (34)
[2019.10.01-00.30.49:540][485]LogModuleManager: Shutting down and abandoning module TextureCompressor (32)
[2019.10.01-00.30.49:541][485]LogModuleManager: Shutting down and abandoning module RenderCore (30)
[2019.10.01-00.30.49:541][485]LogModuleManager: Shutting down and abandoning module Landscape (28)
[2019.10.01-00.30.49:541][485]LogModuleManager: Shutting down and abandoning module SlateRHIRenderer (26)
[2019.10.01-00.30.49:542][485]LogModuleManager: Shutting down and abandoning module OpenGLDrv (24)
[2019.10.01-00.30.49:543][485]LogModuleManager: Shutting down and abandoning module D3D11RHI (22)
[2019.10.01-00.30.49:543][485]LogModuleManager: Shutting down and abandoning module AnimGraphRuntime (20)
[2019.10.01-00.30.49:543][485]LogModuleManager: Shutting down and abandoning module Renderer (18)
[2019.10.01-00.30.49:543][485]LogModuleManager: Shutting down and abandoning module Engine (16)
[2019.10.01-00.30.49:543][485]LogModuleManager: Shutting down and abandoning module CoreUObject (14)
[2019.10.01-00.30.49:543][485]LogModuleManager: Shutting down and abandoning module NetworkFile (12)
[2019.10.01-00.30.49:544][485]LogModuleManager: Shutting down and abandoning module CookedIterativeFile (10)
[2019.10.01-00.30.49:544][485]LogModuleManager: Shutting down and abandoning module StreamingFile (8)
[2019.10.01-00.30.49:544][485]LogModuleManager: Shutting down and abandoning module SandboxFile (6)
[2019.10.01-00.30.49:544][485]LogModuleManager: Shutting down and abandoning module PakFile (4)
[2019.10.01-00.30.49:544][485]LogModuleManager: Shutting down and abandoning module RSA (3)
[2019.10.01-00.30.49:553][485]LogD3D11RHI: Shutdown
[2019.10.01-00.30.49:554][485]LogD3D11RHI: CleanupD3DDevice
[2019.10.01-00.30.49:558][485]LogRendererCore: FGlobalDynamicReadBuffer::Cleanup()
[2019.10.01-00.30.49:558][485]LogRendererCore: FGlobalDynamicReadBuffer::Cleanup()
[2019.10.01-00.30.49:558][485]LogRendererCore: FGlobalDynamicReadBuffer::Cleanup()
[2019.10.01-00.30.49:814][485]LogD3D11RHI: ~FD3D11DynamicRHI
[2019.10.01-00.30.49:822][485]LogExit: Exiting.
[2019.10.01-00.30.49:834][485]Log file closed, 09/30/19 19:30:49
